[ 2017-01-04T11:00:42+08:00 ] 127.0.0.1 /
INFO: [ app_init ] --START--
INFO: Run Behavior\BuildLiteBehavior [ RunTime:0.000037s ]
INFO: Run Common\Behavior\InitHookBehavior [ RunTime:0.004652s ]
INFO: [ app_init ] --END-- [ RunTime:0.006867s ]
INFO: [ app_begin ] --START--
INFO: Run Behavior\ReadHtmlCacheBehavior [ RunTime:0.000899s ]
INFO: [ app_begin ] --END-- [ RunTime:0.001057s ]
SQL: SHOW COLUMNS FROM `edp_config` [ RunTime:0.0142s ]
SQL: SELECT `type`,`name`,`value` FROM `edp_config` WHERE `status` = 1  [ RunTime:0.0046s ]
SQL: SHOW COLUMNS FROM `edp_category` [ RunTime:0.0016s ]
SQL: SELECT `id`,`name`,`title`,`pid`,`sort`,`list_row`,`meta_title`,`keywords`,`description`,`template_index`,`template_lists`,`template_detail`,`template_edit`,`model`,`model_sub`,`type`,`link_id`,`allow_publish`,`display`,`reply`,`check`,`reply_model`,`extend`,`create_time`,`update_time`,`status`,`icon`,`groups` FROM `edp_category` WHERE `status` = 1 ORDER BY sort  [ RunTime:0.0010s ]
SQL: SHOW COLUMNS FROM `edp_document` [ RunTime:0.0018s ]
SQL: SELECT `id`,`uid`,`name`,`title`,`category_id`,`group_id`,`description`,`root`,`pid`,`model_id`,`type`,`position`,`link_id`,`cover_id`,`display`,`deadline`,`attach`,`view`,`comment`,`extend`,`level`,`create_time`,`update_time`,`status` FROM `edp_document` WHERE `status` = 1 AND `pid` = 0 AND `create_time` < 1483498841 AND ( deadline = 0 OR deadline > 1483498841 ) ORDER BY `id` DESC  [ RunTime:0.0021s ]
ERR: 模板不存在:./Application/Home/View/default/Index/404.html

[ 2017-01-04T11:00:45+08:00 ] 127.0.0.1 /index.php?s=/Home/Article/detail/id/1.html
INFO: [ app_init ] --START--
INFO: Run Behavior\BuildLiteBehavior [ RunTime:0.000034s ]
INFO: Run Common\Behavior\InitHookBehavior [ RunTime:0.001767s ]
INFO: [ app_init ] --END-- [ RunTime:0.002431s ]
INFO: [ app_begin ] --START--
INFO: Run Behavior\ReadHtmlCacheBehavior [ RunTime:0.000593s ]
INFO: [ app_begin ] --END-- [ RunTime:0.000728s ]
SQL: SHOW COLUMNS FROM `edp_config` [ RunTime:0.0016s ]
SQL: SELECT `type`,`name`,`value` FROM `edp_config` WHERE `status` = 1  [ RunTime:0.0005s ]
SQL: SHOW COLUMNS FROM `edp_document` [ RunTime:0.0028s ]
SQL: SELECT `id`,`uid`,`name`,`title`,`category_id`,`group_id`,`description`,`root`,`pid`,`model_id`,`type`,`position`,`link_id`,`cover_id`,`display`,`deadline`,`attach`,`view`,`comment`,`extend`,`level`,`create_time`,`update_time`,`status` FROM `edp_document` WHERE `id` = 1 LIMIT 1   [ RunTime:0.0029s ]
INFO: [ view_parse ] --START--
INFO: [ template_filter ] --START--
INFO: Run Behavior\ContentReplaceBehavior [ RunTime:0.000088s ]
INFO: [ template_filter ] --END-- [ RunTime:0.000224s ]
INFO: Run Behavior\ParseTemplateBehavior [ RunTime:0.026086s ]
INFO: [ view_parse ] --END-- [ RunTime:0.026225s ]
INFO: [ view_filter ] --START--
INFO: Run Behavior\WriteHtmlCacheBehavior [ RunTime:0.000175s ]
INFO: [ view_filter ] --END-- [ RunTime:0.000280s ]

[ 2017-01-04T11:00:48+08:00 ] 127.0.0.1 /index.php?s=/Home/Article/lists/category/default_blog.html
INFO: [ app_init ] --START--
INFO: Run Behavior\BuildLiteBehavior [ RunTime:0.000024s ]
INFO: Run Common\Behavior\InitHookBehavior [ RunTime:0.001414s ]
INFO: [ app_init ] --END-- [ RunTime:0.001933s ]
INFO: [ app_begin ] --START--
INFO: Run Behavior\ReadHtmlCacheBehavior [ RunTime:0.000621s ]
INFO: [ app_begin ] --END-- [ RunTime:0.000777s ]
SQL: SHOW COLUMNS FROM `edp_config` [ RunTime:0.0048s ]
SQL: SELECT `type`,`name`,`value` FROM `edp_config` WHERE `status` = 1  [ RunTime:0.0007s ]
SQL: SHOW COLUMNS FROM `edp_category` [ RunTime:0.0021s ]
SQL: SELECT `id`,`name`,`title`,`pid`,`sort`,`list_row`,`meta_title`,`keywords`,`description`,`template_index`,`template_lists`,`template_detail`,`template_edit`,`model`,`model_sub`,`type`,`link_id`,`allow_publish`,`display`,`reply`,`check`,`reply_model`,`extend`,`create_time`,`update_time`,`status`,`icon`,`groups` FROM `edp_category` WHERE `name` = 'default_blog' LIMIT 1   [ RunTime:0.0022s ]
INFO: [ view_parse ] --START--
INFO: [ template_filter ] --START--
INFO: Run Behavior\ContentReplaceBehavior [ RunTime:0.000079s ]
INFO: [ template_filter ] --END-- [ RunTime:0.000185s ]
INFO: Run Behavior\ParseTemplateBehavior [ RunTime:0.014324s ]
INFO: [ view_parse ] --END-- [ RunTime:0.014507s ]
INFO: [ view_filter ] --START--
INFO: Run Behavior\WriteHtmlCacheBehavior [ RunTime:0.000285s ]
INFO: [ view_filter ] --END-- [ RunTime:0.000449s ]

[ 2017-01-04T11:00:53+08:00 ] 127.0.0.1 /index.php?s=/Home/Article/lists/category/default_blog.html
INFO: [ app_init ] --START--
INFO: Run Behavior\BuildLiteBehavior [ RunTime:0.000027s ]
INFO: Run Common\Behavior\InitHookBehavior [ RunTime:0.001334s ]
INFO: [ app_init ] --END-- [ RunTime:0.001830s ]
INFO: [ app_begin ] --START--
INFO: Run Behavior\ReadHtmlCacheBehavior [ RunTime:0.000475s ]
INFO: [ app_begin ] --END-- [ RunTime:0.000590s ]
SQL: SHOW COLUMNS FROM `edp_config` [ RunTime:0.0017s ]
SQL: SELECT `type`,`name`,`value` FROM `edp_config` WHERE `status` = 1  [ RunTime:0.0006s ]
SQL: SHOW COLUMNS FROM `edp_category` [ RunTime:0.0015s ]
SQL: SELECT `id`,`name`,`title`,`pid`,`sort`,`list_row`,`meta_title`,`keywords`,`description`,`template_index`,`template_lists`,`template_detail`,`template_edit`,`model`,`model_sub`,`type`,`link_id`,`allow_publish`,`display`,`reply`,`check`,`reply_model`,`extend`,`create_time`,`update_time`,`status`,`icon`,`groups` FROM `edp_category` WHERE `name` = 'default_blog' LIMIT 1   [ RunTime:0.0005s ]
INFO: [ view_parse ] --START--
INFO: [ template_filter ] --START--
INFO: Run Behavior\ContentReplaceBehavior [ RunTime:0.000126s ]
INFO: [ template_filter ] --END-- [ RunTime:0.000308s ]
INFO: Run Behavior\ParseTemplateBehavior [ RunTime:0.018206s ]
INFO: [ view_parse ] --END-- [ RunTime:0.018354s ]
INFO: [ view_filter ] --START--
INFO: Run Behavior\WriteHtmlCacheBehavior [ RunTime:0.000199s ]
INFO: [ view_filter ] --END-- [ RunTime:0.000313s ]

[ 2017-01-04T11:00:55+08:00 ] 127.0.0.1 /index.php?s=/Home/Edp/forget.html
INFO: [ app_init ] --START--
INFO: Run Behavior\BuildLiteBehavior [ RunTime:0.000025s ]
INFO: Run Common\Behavior\InitHookBehavior [ RunTime:0.001327s ]
INFO: [ app_init ] --END-- [ RunTime:0.001789s ]
INFO: [ app_begin ] --START--
INFO: Run Behavior\ReadHtmlCacheBehavior [ RunTime:0.000408s ]
INFO: [ app_begin ] --END-- [ RunTime:0.000509s ]
SQL: SHOW COLUMNS FROM `edp_config` [ RunTime:0.0017s ]
SQL: SELECT `type`,`name`,`value` FROM `edp_config` WHERE `status` = 1  [ RunTime:0.0005s ]
INFO: [ view_parse ] --START--
INFO: [ template_filter ] --START--
INFO: Run Behavior\ContentReplaceBehavior [ RunTime:0.000087s ]
INFO: [ template_filter ] --END-- [ RunTime:0.000224s ]
INFO: Run Behavior\ParseTemplateBehavior [ RunTime:0.020017s ]
INFO: [ view_parse ] --END-- [ RunTime:0.020194s ]
INFO: [ view_filter ] --START--
INFO: Run Behavior\WriteHtmlCacheBehavior [ RunTime:0.000180s ]
INFO: [ view_filter ] --END-- [ RunTime:0.000285s ]
INFO: [ app_end ] --START--
INFO: Run Behavior\ShowPageTraceBehavior [ RunTime:0.000983s ]
INFO: [ app_end ] --END-- [ RunTime:0.001113s ]

[ 2017-01-04T11:00:58+08:00 ] 127.0.0.1 /index.php?s=/Home/Edp/forget.html
INFO: [ app_init ] --START--
INFO: Run Behavior\BuildLiteBehavior [ RunTime:0.000025s ]
INFO: Run Common\Behavior\InitHookBehavior [ RunTime:0.001326s ]
INFO: [ app_init ] --END-- [ RunTime:0.001779s ]
INFO: [ app_begin ] --START--
INFO: Run Behavior\ReadHtmlCacheBehavior [ RunTime:0.000492s ]
INFO: [ app_begin ] --END-- [ RunTime:0.000622s ]
SQL: SHOW COLUMNS FROM `edp_config` [ RunTime:0.0100s ]
SQL: SELECT `type`,`name`,`value` FROM `edp_config` WHERE `status` = 1  [ RunTime:0.0007s ]
INFO: [ view_parse ] --START--
INFO: [ template_filter ] --START--
INFO: Run Behavior\ContentReplaceBehavior [ RunTime:0.000083s ]
INFO: [ template_filter ] --END-- [ RunTime:0.000207s ]
INFO: Run Behavior\ParseTemplateBehavior [ RunTime:0.017218s ]
INFO: [ view_parse ] --END-- [ RunTime:0.017354s ]
INFO: [ view_filter ] --START--
INFO: Run Behavior\WriteHtmlCacheBehavior [ RunTime:0.000184s ]
INFO: [ view_filter ] --END-- [ RunTime:0.000294s ]
INFO: [ app_end ] --START--
INFO: Run Behavior\ShowPageTraceBehavior [ RunTime:0.000676s ]
INFO: [ app_end ] --END-- [ RunTime:0.000878s ]

[ 2017-01-04T11:01:01+08:00 ] 127.0.0.1 /index.php?s=/Home/Edp/forget.html
INFO: [ app_init ] --START--
INFO: Run Behavior\BuildLiteBehavior [ RunTime:0.000024s ]
INFO: Run Common\Behavior\InitHookBehavior [ RunTime:0.001600s ]
INFO: [ app_init ] --END-- [ RunTime:0.002066s ]
INFO: [ app_begin ] --START--
INFO: Run Behavior\ReadHtmlCacheBehavior [ RunTime:0.000688s ]
INFO: [ app_begin ] --END-- [ RunTime:0.000805s ]
SQL: SHOW COLUMNS FROM `edp_config` [ RunTime:0.0058s ]
SQL: SELECT `type`,`name`,`value` FROM `edp_config` WHERE `status` = 1  [ RunTime:0.0008s ]
INFO: [ view_parse ] --START--
INFO: [ template_filter ] --START--
INFO: Run Behavior\ContentReplaceBehavior [ RunTime:0.000079s ]
INFO: [ template_filter ] --END-- [ RunTime:0.000202s ]
INFO: Run Behavior\ParseTemplateBehavior [ RunTime:0.017102s ]
INFO: [ view_parse ] --END-- [ RunTime:0.017240s ]
INFO: [ view_filter ] --START--
INFO: Run Behavior\WriteHtmlCacheBehavior [ RunTime:0.000154s ]
INFO: [ view_filter ] --END-- [ RunTime:0.000244s ]
INFO: [ app_end ] --START--
INFO: Run Behavior\ShowPageTraceBehavior [ RunTime:0.000682s ]
INFO: [ app_end ] --END-- [ RunTime:0.000865s ]

[ 2017-01-04T11:01:01+08:00 ] 127.0.0.1 /index.php?s=/Home/Edp/login.html
INFO: [ app_init ] --START--
INFO: Run Behavior\BuildLiteBehavior [ RunTime:0.000028s ]
INFO: Run Common\Behavior\InitHookBehavior [ RunTime:0.001416s ]
INFO: [ app_init ] --END-- [ RunTime:0.002105s ]
INFO: [ app_begin ] --START--
INFO: Run Behavior\ReadHtmlCacheBehavior [ RunTime:0.000487s ]
INFO: [ app_begin ] --END-- [ RunTime:0.000603s ]
SQL: SHOW COLUMNS FROM `edp_config` [ RunTime:0.0013s ]
SQL: SELECT `type`,`name`,`value` FROM `edp_config` WHERE `status` = 1  [ RunTime:0.0004s ]
INFO: [ view_parse ] --START--
INFO: [ template_filter ] --START--
INFO: Run Behavior\ContentReplaceBehavior [ RunTime:0.000085s ]
INFO: [ template_filter ] --END-- [ RunTime:0.000205s ]
INFO: Run Behavior\ParseTemplateBehavior [ RunTime:0.018972s ]
INFO: [ view_parse ] --END-- [ RunTime:0.019101s ]
INFO: [ view_filter ] --START--
INFO: Run Behavior\WriteHtmlCacheBehavior [ RunTime:0.000206s ]
INFO: [ view_filter ] --END-- [ RunTime:0.000317s ]
INFO: [ app_end ] --START--
INFO: Run Behavior\ShowPageTraceBehavior [ RunTime:0.000658s ]
INFO: [ app_end ] --END-- [ RunTime:0.000768s ]

[ 2017-01-04T11:01:02+08:00 ] 127.0.0.1 /index.php?s=/Home/Edp/login.html
INFO: [ app_init ] --START--
INFO: Run Behavior\BuildLiteBehavior [ RunTime:0.000058s ]
INFO: Run Common\Behavior\InitHookBehavior [ RunTime:0.001430s ]
INFO: [ app_init ] --END-- [ RunTime:0.002249s ]
INFO: [ app_begin ] --START--
INFO: Run Behavior\ReadHtmlCacheBehavior [ RunTime:0.000461s ]
INFO: [ app_begin ] --END-- [ RunTime:0.000566s ]
SQL: SHOW COLUMNS FROM `edp_config` [ RunTime:0.0098s ]
SQL: SELECT `type`,`name`,`value` FROM `edp_config` WHERE `status` = 1  [ RunTime:0.0010s ]
INFO: [ view_parse ] --START--
INFO: [ template_filter ] --START--
INFO: Run Behavior\ContentReplaceBehavior [ RunTime:0.000088s ]
INFO: [ template_filter ] --END-- [ RunTime:0.000224s ]
INFO: Run Behavior\ParseTemplateBehavior [ RunTime:0.017279s ]
INFO: [ view_parse ] --END-- [ RunTime:0.017491s ]
INFO: [ view_filter ] --START--
INFO: Run Behavior\WriteHtmlCacheBehavior [ RunTime:0.000261s ]
INFO: [ view_filter ] --END-- [ RunTime:0.000428s ]
INFO: [ app_end ] --START--
INFO: Run Behavior\ShowPageTraceBehavior [ RunTime:0.000802s ]
INFO: [ app_end ] --END-- [ RunTime:0.000975s ]

[ 2017-01-04T15:50:55+08:00 ] 192.168.1.104 /index.php?s=/Home/Edp/login.html
INFO: [ app_init ] --START--
INFO: Run Behavior\BuildLiteBehavior [ RunTime:0.000039s ]
INFO: Run Common\Behavior\InitHookBehavior [ RunTime:0.034618s ]
INFO: [ app_init ] --END-- [ RunTime:0.035813s ]
INFO: [ app_begin ] --START--
INFO: Run Behavior\ReadHtmlCacheBehavior [ RunTime:0.001054s ]
INFO: [ app_begin ] --END-- [ RunTime:0.001241s ]
SQL: SHOW COLUMNS FROM `edp_config` [ RunTime:0.0022s ]
SQL: SELECT `type`,`name`,`value` FROM `edp_config` WHERE `status` = 1  [ RunTime:0.0006s ]
INFO: [ view_parse ] --START--
INFO: [ template_filter ] --START--
INFO: Run Behavior\ContentReplaceBehavior [ RunTime:0.000089s ]
INFO: [ template_filter ] --END-- [ RunTime:0.000244s ]
INFO: Run Behavior\ParseTemplateBehavior [ RunTime:0.026449s ]
INFO: [ view_parse ] --END-- [ RunTime:0.026650s ]
INFO: [ view_filter ] --START--
INFO: Run Behavior\WriteHtmlCacheBehavior [ RunTime:0.000733s ]
INFO: [ view_filter ] --END-- [ RunTime:0.000875s ]
INFO: [ app_end ] --START--
INFO: Run Behavior\ShowPageTraceBehavior [ RunTime:0.001157s ]
INFO: [ app_end ] --END-- [ RunTime:0.001336s ]

[ 2017-01-04T15:51:47+08:00 ] 192.168.1.122 /index.php?s=/Home/Edp/login.html
INFO: [ app_init ] --START--
INFO: Run Behavior\BuildLiteBehavior [ RunTime:0.000034s ]
INFO: Run Common\Behavior\InitHookBehavior [ RunTime:0.001622s ]
INFO: [ app_init ] --END-- [ RunTime:0.002208s ]
INFO: [ app_begin ] --START--
INFO: Run Behavior\ReadHtmlCacheBehavior [ RunTime:0.000761s ]
INFO: [ app_begin ] --END-- [ RunTime:0.000884s ]
SQL: SHOW COLUMNS FROM `edp_config` [ RunTime:0.0095s ]
SQL: SELECT `type`,`name`,`value` FROM `edp_config` WHERE `status` = 1  [ RunTime:0.0005s ]
INFO: [ view_parse ] --START--
INFO: [ template_filter ] --START--
INFO: Run Behavior\ContentReplaceBehavior [ RunTime:0.000076s ]
INFO: [ template_filter ] --END-- [ RunTime:0.000209s ]
INFO: Run Behavior\ParseTemplateBehavior [ RunTime:0.016705s ]
INFO: [ view_parse ] --END-- [ RunTime:0.016897s ]
INFO: [ view_filter ] --START--
INFO: Run Behavior\WriteHtmlCacheBehavior [ RunTime:0.000288s ]
INFO: [ view_filter ] --END-- [ RunTime:0.000454s ]
INFO: [ app_end ] --START--
INFO: Run Behavior\ShowPageTraceBehavior [ RunTime:0.001100s ]
INFO: [ app_end ] --END-- [ RunTime:0.001286s ]

[ 2017-01-04T15:52:02+08:00 ] 192.168.1.122 /index.php?s=/Home/Edp/signin.html
INFO: [ app_init ] --START--
INFO: Run Behavior\BuildLiteBehavior [ RunTime:0.000032s ]
INFO: Run Common\Behavior\InitHookBehavior [ RunTime:0.001648s ]
INFO: [ app_init ] --END-- [ RunTime:0.002230s ]
INFO: [ app_begin ] --START--
INFO: Run Behavior\ReadHtmlCacheBehavior [ RunTime:0.000614s ]
INFO: [ app_begin ] --END-- [ RunTime:0.000721s ]
SQL: SHOW COLUMNS FROM `edp_config` [ RunTime:0.0096s ]
SQL: SELECT `type`,`name`,`value` FROM `edp_config` WHERE `status` = 1  [ RunTime:0.0006s ]
SQL: SHOW COLUMNS FROM `edp_user_edp` [ RunTime:0.0016s ]
SQL: SELECT * FROM `edp_user_edp` WHERE ( mobile='18116579523' ) LIMIT 1   [ RunTime:0.0022s ]
SQL: SHOW COLUMNS FROM `edp_user_edp` [ RunTime:0.0021s ]
SQL: SELECT * FROM `edp_user_edp` WHERE ( mobile='18116579523' ) LIMIT 1   [ RunTime:0.0005s ]
SQL: UPDATE `edp_user_edp` SET `login_times`=`login_times`+1,`last_ipaddr`='3232235898' WHERE `user_id` = 158 [ RunTime:0.0136s ]
NOTIC: [8] Undefined index: nickname /Users/cuiyingjia/Downloads/repo/php-edp/Application/Home/Controller/EdpController.class.php 第 205 行.

[ 2017-01-04T15:52:07+08:00 ] 192.168.1.122 /index.php?s=/Home/Edp/signin.html
INFO: [ app_init ] --START--
INFO: Run Behavior\BuildLiteBehavior [ RunTime:0.000037s ]
INFO: Run Common\Behavior\InitHookBehavior [ RunTime:0.001526s ]
INFO: [ app_init ] --END-- [ RunTime:0.002194s ]
INFO: [ app_begin ] --START--
INFO: Run Behavior\ReadHtmlCacheBehavior [ RunTime:0.000540s ]
INFO: [ app_begin ] --END-- [ RunTime:0.000661s ]
SQL: SHOW COLUMNS FROM `edp_config` [ RunTime:0.0013s ]
SQL: SELECT `type`,`name`,`value` FROM `edp_config` WHERE `status` = 1  [ RunTime:0.0004s ]
SQL: SHOW COLUMNS FROM `edp_user_edp` [ RunTime:0.0013s ]
SQL: SELECT * FROM `edp_user_edp` WHERE ( mobile='18116579523' ) LIMIT 1   [ RunTime:0.0004s ]
SQL: SHOW COLUMNS FROM `edp_user_edp` [ RunTime:0.0014s ]
SQL: SELECT * FROM `edp_user_edp` WHERE ( mobile='18116579523' ) LIMIT 1   [ RunTime:0.0004s ]
SQL: UPDATE `edp_user_edp` SET `login_times`=`login_times`+1,`last_ipaddr`='3232235898' WHERE `user_id` = 158 [ RunTime:0.0003s ]
NOTIC: [8] Undefined index: nickname /Users/cuiyingjia/Downloads/repo/php-edp/Application/Home/Controller/EdpController.class.php 第 205 行.

[ 2017-01-04T15:53:32+08:00 ] 192.168.1.122 /index.php?s=/Home/Edp/signin.html
INFO: [ app_init ] --START--
INFO: Run Behavior\BuildLiteBehavior [ RunTime:0.000054s ]
INFO: Run Common\Behavior\InitHookBehavior [ RunTime:0.001613s ]
INFO: [ app_init ] --END-- [ RunTime:0.002319s ]
INFO: [ app_begin ] --START--
INFO: Run Behavior\ReadHtmlCacheBehavior [ RunTime:0.000513s ]
INFO: [ app_begin ] --END-- [ RunTime:0.000723s ]
SQL: SHOW COLUMNS FROM `edp_config` [ RunTime:0.0023s ]
SQL: SELECT `type`,`name`,`value` FROM `edp_config` WHERE `status` = 1  [ RunTime:0.0008s ]
SQL: SHOW COLUMNS FROM `edp_user_edp` [ RunTime:0.0032s ]
SQL: SELECT * FROM `edp_user_edp` WHERE ( mobile='18116579523' ) LIMIT 1   [ RunTime:0.0018s ]
SQL: SHOW COLUMNS FROM `edp_user_edp` [ RunTime:0.0026s ]
SQL: SELECT * FROM `edp_user_edp` WHERE ( mobile='18116579523' ) LIMIT 1   [ RunTime:0.0005s ]
SQL: UPDATE `edp_user_edp` SET `login_times`=`login_times`+1,`last_ipaddr`='3232235898' WHERE `user_id` = 158 [ RunTime:0.0003s ]
NOTIC: [8] Undefined index: nickname /Users/cuiyingjia/Downloads/repo/php-edp/Application/Home/Controller/EdpController.class.php 第 205 行.

[ 2017-01-04T15:53:35+08:00 ] 192.168.1.122 /index.php?s=/Home/Edp/signin.html
INFO: [ app_init ] --START--
INFO: Run Behavior\BuildLiteBehavior [ RunTime:0.000053s ]
INFO: Run Common\Behavior\InitHookBehavior [ RunTime:0.001500s ]
INFO: [ app_init ] --END-- [ RunTime:0.002185s ]
INFO: [ app_begin ] --START--
INFO: Run Behavior\ReadHtmlCacheBehavior [ RunTime:0.000442s ]
INFO: [ app_begin ] --END-- [ RunTime:0.000647s ]
SQL: SHOW COLUMNS FROM `edp_config` [ RunTime:0.0100s ]
SQL: SELECT `type`,`name`,`value` FROM `edp_config` WHERE `status` = 1  [ RunTime:0.0005s ]
SQL: SHOW COLUMNS FROM `edp_user_edp` [ RunTime:0.0015s ]
SQL: SELECT * FROM `edp_user_edp` WHERE ( mobile='18116579523' ) LIMIT 1   [ RunTime:0.0005s ]
SQL: SHOW COLUMNS FROM `edp_user_edp` [ RunTime:0.0017s ]
SQL: SELECT * FROM `edp_user_edp` WHERE ( mobile='18116579523' ) LIMIT 1   [ RunTime:0.0004s ]
SQL: UPDATE `edp_user_edp` SET `login_times`=`login_times`+1,`last_ipaddr`='3232235898' WHERE `user_id` = 158 [ RunTime:0.0004s ]
NOTIC: [8] Undefined index: nickname /Users/cuiyingjia/Downloads/repo/php-edp/Application/Home/Controller/EdpController.class.php 第 205 行.

[ 2017-01-04T15:53:38+08:00 ] 192.168.1.122 /index.php?s=/Home/Edp/login.html
INFO: [ app_init ] --START--
INFO: Run Behavior\BuildLiteBehavior [ RunTime:0.000052s ]
INFO: Run Common\Behavior\InitHookBehavior [ RunTime:0.002214s ]
INFO: [ app_init ] --END-- [ RunTime:0.003001s ]
INFO: [ app_begin ] --START--
INFO: Run Behavior\ReadHtmlCacheBehavior [ RunTime:0.000561s ]
INFO: [ app_begin ] --END-- [ RunTime:0.000860s ]
SQL: SHOW COLUMNS FROM `edp_config` [ RunTime:0.0100s ]
SQL: SELECT `type`,`name`,`value` FROM `edp_config` WHERE `status` = 1  [ RunTime:0.0006s ]
SQL: SHOW COLUMNS FROM `edp_user_edp` [ RunTime:0.0016s ]
SQL: SELECT * FROM `edp_user_edp` WHERE ( mobile='18116579523' ) LIMIT 1   [ RunTime:0.0005s ]
INFO: [ view_parse ] --START--
INFO: [ template_filter ] --START--
INFO: Run Behavior\ContentReplaceBehavior [ RunTime:0.000196s ]
INFO: [ template_filter ] --END-- [ RunTime:0.000546s ]
INFO: Run Behavior\ParseTemplateBehavior [ RunTime:0.024911s ]
INFO: [ view_parse ] --END-- [ RunTime:0.025295s ]
INFO: [ view_filter ] --START--
INFO: Run Behavior\WriteHtmlCacheBehavior [ RunTime:0.000371s ]
INFO: [ view_filter ] --END-- [ RunTime:0.000865s ]
INFO: [ app_end ] --START--
INFO: Run Behavior\ShowPageTraceBehavior [ RunTime:0.001003s ]
INFO: [ app_end ] --END-- [ RunTime:0.001467s ]

[ 2017-01-04T15:55:58+08:00 ] 192.168.1.122 /index.php?s=/Home/Edp/login.html
INFO: [ app_init ] --START--
INFO: Run Behavior\BuildLiteBehavior [ RunTime:0.000121s ]
INFO: Run Common\Behavior\InitHookBehavior [ RunTime:0.002273s ]
INFO: [ app_init ] --END-- [ RunTime:0.005076s ]
INFO: [ app_begin ] --START--
INFO: Run Behavior\ReadHtmlCacheBehavior [ RunTime:0.000492s ]
INFO: [ app_begin ] --END-- [ RunTime:0.000747s ]
SQL: SHOW COLUMNS FROM `edp_config` [ RunTime:0.0014s ]
SQL: SELECT `type`,`name`,`value` FROM `edp_config` WHERE `status` = 1  [ RunTime:0.0004s ]
INFO: [ view_parse ] --START--
INFO: [ template_filter ] --START--
INFO: Run Behavior\ContentReplaceBehavior [ RunTime:0.000331s ]
INFO: [ template_filter ] --END-- [ RunTime:0.000772s ]
INFO: Run Behavior\ParseTemplateBehavior [ RunTime:0.018832s ]
INFO: [ view_parse ] --END-- [ RunTime:0.019305s ]
INFO: [ view_filter ] --START--
INFO: Run Behavior\WriteHtmlCacheBehavior [ RunTime:0.000257s ]
INFO: [ view_filter ] --END-- [ RunTime:0.000515s ]
INFO: [ app_end ] --START--
INFO: Run Behavior\ShowPageTraceBehavior [ RunTime:0.002135s ]
INFO: [ app_end ] --END-- [ RunTime:0.003017s ]

[ 2017-01-04T15:56:11+08:00 ] 192.168.1.122 /index.php?s=/Home/Edp/signin.html
INFO: [ app_init ] --START--
INFO: Run Behavior\BuildLiteBehavior [ RunTime:0.000063s ]
INFO: Run Common\Behavior\InitHookBehavior [ RunTime:0.001625s ]
INFO: [ app_init ] --END-- [ RunTime:0.002402s ]
INFO: [ app_begin ] --START--
INFO: Run Behavior\ReadHtmlCacheBehavior [ RunTime:0.000448s ]
INFO: [ app_begin ] --END-- [ RunTime:0.000658s ]
SQL: SHOW COLUMNS FROM `edp_config` [ RunTime:0.0097s ]
SQL: SELECT `type`,`name`,`value` FROM `edp_config` WHERE `status` = 1  [ RunTime:0.0007s ]
SQL: SHOW COLUMNS FROM `edp_user_edp` [ RunTime:0.0014s ]
SQL: SELECT * FROM `edp_user_edp` WHERE ( mobile='18116579523' ) LIMIT 1   [ RunTime:0.0005s ]
SQL: SHOW COLUMNS FROM `edp_user_edp` [ RunTime:0.0014s ]
SQL: SELECT * FROM `edp_user_edp` WHERE ( mobile='18116579523' ) LIMIT 1   [ RunTime:0.0004s ]

[ 2017-01-04T15:56:21+08:00 ] 192.168.1.122 /index.php?s=/Home/Edp/signin.html
INFO: [ app_init ] --START--
INFO: Run Behavior\BuildLiteBehavior [ RunTime:0.000102s ]
INFO: Run Common\Behavior\InitHookBehavior [ RunTime:0.002917s ]
INFO: [ app_init ] --END-- [ RunTime:0.004169s ]
INFO: [ app_begin ] --START--
INFO: Run Behavior\ReadHtmlCacheBehavior [ RunTime:0.000538s ]
INFO: [ app_begin ] --END-- [ RunTime:0.000786s ]
SQL: SHOW COLUMNS FROM `edp_config` [ RunTime:0.0014s ]
SQL: SELECT `type`,`name`,`value` FROM `edp_config` WHERE `status` = 1  [ RunTime:0.0005s ]
SQL: SHOW COLUMNS FROM `edp_user_edp` [ RunTime:0.0015s ]
SQL: SELECT * FROM `edp_user_edp` WHERE ( mobile='18116579523' ) LIMIT 1   [ RunTime:0.0005s ]
SQL: SHOW COLUMNS FROM `edp_user_edp` [ RunTime:0.0014s ]
SQL: SELECT * FROM `edp_user_edp` WHERE ( mobile='18116579523' ) LIMIT 1   [ RunTime:0.0005s ]
SQL: UPDATE `edp_user_edp` SET `login_times`=`login_times`+1,`last_ipaddr`='3232235898' WHERE `user_id` = 158 [ RunTime:0.0004s ]
NOTIC: [8] Undefined index: nickname /Users/cuiyingjia/Downloads/repo/php-edp/Application/Home/Controller/EdpController.class.php 第 205 行.

[ 2017-01-04T15:56:31+08:00 ] 192.168.1.122 /index.php?s=/Home/Edp/login.html
INFO: [ app_init ] --START--
INFO: Run Behavior\BuildLiteBehavior [ RunTime:0.000054s ]
INFO: Run Common\Behavior\InitHookBehavior [ RunTime:0.001872s ]
INFO: [ app_init ] --END-- [ RunTime:0.002604s ]
INFO: [ app_begin ] --START--
INFO: Run Behavior\ReadHtmlCacheBehavior [ RunTime:0.000478s ]
INFO: [ app_begin ] --END-- [ RunTime:0.000722s ]
SQL: SHOW COLUMNS FROM `edp_config` [ RunTime:0.0013s ]
SQL: SELECT `type`,`name`,`value` FROM `edp_config` WHERE `status` = 1  [ RunTime:0.0004s ]
SQL: SHOW COLUMNS FROM `edp_user_edp` [ RunTime:0.0014s ]
SQL: SELECT * FROM `edp_user_edp` WHERE ( mobile='18116579523' ) LIMIT 1   [ RunTime:0.0004s ]
INFO: [ view_parse ] --START--
INFO: [ template_filter ] --START--
INFO: Run Behavior\ContentReplaceBehavior [ RunTime:0.000146s ]
INFO: [ template_filter ] --END-- [ RunTime:0.000397s ]
INFO: Run Behavior\ParseTemplateBehavior [ RunTime:0.021106s ]
INFO: [ view_parse ] --END-- [ RunTime:0.021508s ]
INFO: [ view_filter ] --START--
INFO: Run Behavior\WriteHtmlCacheBehavior [ RunTime:0.000372s ]
INFO: [ view_filter ] --END-- [ RunTime:0.000811s ]
INFO: [ app_end ] --START--
INFO: Run Behavior\ShowPageTraceBehavior [ RunTime:0.000639s ]
INFO: [ app_end ] --END-- [ RunTime:0.001078s ]

[ 2017-01-04T15:56:41+08:00 ] 192.168.1.122 /index.php?s=/Home/Edp/signin.html
INFO: [ app_init ] --START--
INFO: Run Behavior\BuildLiteBehavior [ RunTime:0.000064s ]
INFO: Run Common\Behavior\InitHookBehavior [ RunTime:0.001787s ]
INFO: [ app_init ] --END-- [ RunTime:0.002632s ]
INFO: [ app_begin ] --START--
INFO: Run Behavior\ReadHtmlCacheBehavior [ RunTime:0.000447s ]
INFO: [ app_begin ] --END-- [ RunTime:0.000654s ]
SQL: SHOW COLUMNS FROM `edp_config` [ RunTime:0.0022s ]
SQL: SELECT `type`,`name`,`value` FROM `edp_config` WHERE `status` = 1  [ RunTime:0.0005s ]
SQL: SHOW COLUMNS FROM `edp_user_edp` [ RunTime:0.0017s ]
SQL: SELECT * FROM `edp_user_edp` WHERE ( mobile='18116579523' ) LIMIT 1   [ RunTime:0.0004s ]
SQL: SHOW COLUMNS FROM `edp_user_edp` [ RunTime:0.0015s ]
SQL: SELECT * FROM `edp_user_edp` WHERE ( mobile='18116579523' ) LIMIT 1   [ RunTime:0.0005s ]
SQL: UPDATE `edp_user_edp` SET `login_times`=`login_times`+1,`last_ipaddr`='3232235898' WHERE `user_id` = 158 [ RunTime:0.0004s ]
NOTIC: [8] Undefined index: nickname /Users/cuiyingjia/Downloads/repo/php-edp/Application/Home/Controller/EdpController.class.php 第 205 行.

[ 2017-01-04T15:56:48+08:00 ] 192.168.1.122 /index.php?s=/Home/Edp/login.html
INFO: [ app_init ] --START--
INFO: Run Behavior\BuildLiteBehavior [ RunTime:0.000056s ]
INFO: Run Common\Behavior\InitHookBehavior [ RunTime:0.002013s ]
INFO: [ app_init ] --END-- [ RunTime:0.002766s ]
INFO: [ app_begin ] --START--
INFO: Run Behavior\ReadHtmlCacheBehavior [ RunTime:0.000500s ]
INFO: [ app_begin ] --END-- [ RunTime:0.000771s ]
SQL: SHOW COLUMNS FROM `edp_config` [ RunTime:0.0014s ]
SQL: SELECT `type`,`name`,`value` FROM `edp_config` WHERE `status` = 1  [ RunTime:0.0004s ]
SQL: SHOW COLUMNS FROM `edp_user_edp` [ RunTime:0.0027s ]
SQL: SELECT * FROM `edp_user_edp` WHERE ( mobile='18116579523' ) LIMIT 1   [ RunTime:0.0008s ]
INFO: [ view_parse ] --START--
INFO: [ template_filter ] --START--
INFO: Run Behavior\ContentReplaceBehavior [ RunTime:0.000237s ]
INFO: [ template_filter ] --END-- [ RunTime:0.000622s ]
INFO: Run Behavior\ParseTemplateBehavior [ RunTime:0.021757s ]
INFO: [ view_parse ] --END-- [ RunTime:0.022045s ]
INFO: [ view_filter ] --START--
INFO: Run Behavior\WriteHtmlCacheBehavior [ RunTime:0.000246s ]
INFO: [ view_filter ] --END-- [ RunTime:0.000685s ]
INFO: [ app_end ] --START--
INFO: Run Behavior\ShowPageTraceBehavior [ RunTime:0.000713s ]
INFO: [ app_end ] --END-- [ RunTime:0.001018s ]

