[ 2017-01-06T15:28:17+08:00 ] 192.168.31.97 /index.php?s=/Home/Edp/logged.html
INFO: [ app_init ] --START--
INFO: Run Behavior\BuildLiteBehavior [ RunTime:0.000046s ]
INFO: Run Common\Behavior\InitHookBehavior [ RunTime:0.005897s ]
INFO: [ app_init ] --END-- [ RunTime:0.007046s ]
INFO: [ app_begin ] --START--
INFO: Run Behavior\ReadHtmlCacheBehavior [ RunTime:0.001092s ]
INFO: [ app_begin ] --END-- [ RunTime:0.001252s ]
SQL: SHOW COLUMNS FROM `edp_config` [ RunTime:0.0026s ]
SQL: SELECT `type`,`name`,`value` FROM `edp_config` WHERE `status` = 1  [ RunTime:0.0027s ]
SQL: SHOW COLUMNS FROM `edp_user_edp` [ RunTime:0.0021s ]
SQL: SELECT * FROM `edp_user_edp` WHERE ( mobile='18116579523' ) LIMIT 1   [ RunTime:0.0014s ]
INFO: [ view_parse ] --START--
INFO: [ template_filter ] --START--
INFO: Run Behavior\ContentReplaceBehavior [ RunTime:0.000104s ]
INFO: [ template_filter ] --END-- [ RunTime:0.000250s ]
INFO: Run Behavior\ParseTemplateBehavior [ RunTime:0.036184s ]
INFO: [ view_parse ] --END-- [ RunTime:0.036352s ]
INFO: [ view_filter ] --START--
INFO: Run Behavior\WriteHtmlCacheBehavior [ RunTime:0.000542s ]
INFO: [ view_filter ] --END-- [ RunTime:0.000664s ]
INFO: [ app_end ] --START--
INFO: Run Behavior\ShowPageTraceBehavior [ RunTime:0.001189s ]
INFO: [ app_end ] --END-- [ RunTime:0.001335s ]

[ 2017-01-06T15:28:25+08:00 ] 192.168.31.97 /index.php?s=/Home/Edp/logged.html
INFO: [ app_init ] --START--
INFO: Run Behavior\BuildLiteBehavior [ RunTime:0.000041s ]
INFO: Run Common\Behavior\InitHookBehavior [ RunTime:0.002238s ]
INFO: [ app_init ] --END-- [ RunTime:0.003001s ]
INFO: [ app_begin ] --START--
INFO: Run Behavior\ReadHtmlCacheBehavior [ RunTime:0.000607s ]
INFO: [ app_begin ] --END-- [ RunTime:0.000729s ]
SQL: SHOW COLUMNS FROM `edp_config` [ RunTime:0.0021s ]
SQL: SELECT `type`,`name`,`value` FROM `edp_config` WHERE `status` = 1  [ RunTime:0.0015s ]
SQL: SHOW COLUMNS FROM `edp_user_edp` [ RunTime:0.0019s ]
SQL: SELECT * FROM `edp_user_edp` WHERE ( mobile='18116579523' ) LIMIT 1   [ RunTime:0.0013s ]
INFO: [ view_parse ] --START--
INFO: [ template_filter ] --START--
INFO: Run Behavior\ContentReplaceBehavior [ RunTime:0.000092s ]
INFO: [ template_filter ] --END-- [ RunTime:0.000226s ]
INFO: Run Behavior\ParseTemplateBehavior [ RunTime:0.021054s ]
INFO: [ view_parse ] --END-- [ RunTime:0.021263s ]
INFO: [ view_filter ] --START--
INFO: Run Behavior\WriteHtmlCacheBehavior [ RunTime:0.000526s ]
INFO: [ view_filter ] --END-- [ RunTime:0.000718s ]
INFO: [ app_end ] --START--
INFO: Run Behavior\ShowPageTraceBehavior [ RunTime:0.001042s ]
INFO: [ app_end ] --END-- [ RunTime:0.001344s ]

[ 2017-01-06T15:28:37+08:00 ] 192.168.31.97 /index.php?s=/Home/Edp/logged.html
INFO: [ app_init ] --START--
INFO: Run Behavior\BuildLiteBehavior [ RunTime:0.000113s ]
INFO: Run Common\Behavior\InitHookBehavior [ RunTime:0.002706s ]
INFO: [ app_init ] --END-- [ RunTime:0.003968s ]
INFO: [ app_begin ] --START--
INFO: Run Behavior\ReadHtmlCacheBehavior [ RunTime:0.000584s ]
INFO: [ app_begin ] --END-- [ RunTime:0.000711s ]
SQL: SHOW COLUMNS FROM `edp_config` [ RunTime:0.0021s ]
SQL: SELECT `type`,`name`,`value` FROM `edp_config` WHERE `status` = 1  [ RunTime:0.0013s ]
SQL: SHOW COLUMNS FROM `edp_user_edp` [ RunTime:0.0021s ]
SQL: SELECT * FROM `edp_user_edp` WHERE ( mobile='18116579523' ) LIMIT 1   [ RunTime:0.0012s ]
INFO: [ view_parse ] --START--
INFO: [ template_filter ] --START--
INFO: Run Behavior\ContentReplaceBehavior [ RunTime:0.000105s ]
INFO: [ template_filter ] --END-- [ RunTime:0.000260s ]
INFO: Run Behavior\ParseTemplateBehavior [ RunTime:0.021040s ]
INFO: [ view_parse ] --END-- [ RunTime:0.021434s ]
INFO: [ view_filter ] --START--
INFO: Run Behavior\WriteHtmlCacheBehavior [ RunTime:0.000235s ]
INFO: [ view_filter ] --END-- [ RunTime:0.000432s ]
INFO: [ app_end ] --START--
INFO: Run Behavior\ShowPageTraceBehavior [ RunTime:0.001021s ]
INFO: [ app_end ] --END-- [ RunTime:0.001195s ]

[ 2017-01-06T15:29:00+08:00 ] 192.168.31.97 /index.php?s=/Home/Edp/logged.html
INFO: [ app_init ] --START--
INFO: Run Behavior\BuildLiteBehavior [ RunTime:0.000044s ]
INFO: Run Common\Behavior\InitHookBehavior [ RunTime:0.001760s ]
INFO: [ app_init ] --END-- [ RunTime:0.002628s ]
INFO: [ app_begin ] --START--
INFO: Run Behavior\ReadHtmlCacheBehavior [ RunTime:0.000604s ]
INFO: [ app_begin ] --END-- [ RunTime:0.000729s ]
SQL: SHOW COLUMNS FROM `edp_config` [ RunTime:0.0020s ]
SQL: SELECT `type`,`name`,`value` FROM `edp_config` WHERE `status` = 1  [ RunTime:0.0014s ]
SQL: SHOW COLUMNS FROM `edp_user_edp` [ RunTime:0.0021s ]
SQL: SELECT * FROM `edp_user_edp` WHERE ( mobile='18116579523' ) LIMIT 1   [ RunTime:0.0012s ]
INFO: [ view_parse ] --START--
INFO: [ template_filter ] --START--
INFO: Run Behavior\ContentReplaceBehavior [ RunTime:0.000087s ]
INFO: [ template_filter ] --END-- [ RunTime:0.000217s ]
INFO: Run Behavior\ParseTemplateBehavior [ RunTime:0.012447s ]
INFO: [ view_parse ] --END-- [ RunTime:0.012599s ]
INFO: [ view_filter ] --START--
INFO: Run Behavior\WriteHtmlCacheBehavior [ RunTime:0.000166s ]
INFO: [ view_filter ] --END-- [ RunTime:0.000258s ]
INFO: [ app_end ] --START--
INFO: Run Behavior\ShowPageTraceBehavior [ RunTime:0.000542s ]
INFO: [ app_end ] --END-- [ RunTime:0.000644s ]

[ 2017-01-06T15:29:01+08:00 ] 192.168.31.97 /index.php?s=/Home/Edp/logged.html
INFO: [ app_init ] --START--
INFO: Run Behavior\BuildLiteBehavior [ RunTime:0.000024s ]
INFO: Run Common\Behavior\InitHookBehavior [ RunTime:0.001199s ]
INFO: [ app_init ] --END-- [ RunTime:0.001635s ]
INFO: [ app_begin ] --START--
INFO: Run Behavior\ReadHtmlCacheBehavior [ RunTime:0.000415s ]
INFO: [ app_begin ] --END-- [ RunTime:0.000514s ]
SQL: SHOW COLUMNS FROM `edp_config` [ RunTime:0.0045s ]
SQL: SELECT `type`,`name`,`value` FROM `edp_config` WHERE `status` = 1  [ RunTime:0.0011s ]
SQL: SHOW COLUMNS FROM `edp_user_edp` [ RunTime:0.0020s ]
SQL: SELECT * FROM `edp_user_edp` WHERE ( mobile='18116579523' ) LIMIT 1   [ RunTime:0.0008s ]
INFO: [ view_parse ] --START--
INFO: [ template_filter ] --START--
INFO: Run Behavior\ContentReplaceBehavior [ RunTime:0.000084s ]
INFO: [ template_filter ] --END-- [ RunTime:0.000197s ]
INFO: Run Behavior\ParseTemplateBehavior [ RunTime:0.022392s ]
INFO: [ view_parse ] --END-- [ RunTime:0.022686s ]
INFO: [ view_filter ] --START--
INFO: Run Behavior\WriteHtmlCacheBehavior [ RunTime:0.000553s ]
INFO: [ view_filter ] --END-- [ RunTime:0.000735s ]
INFO: [ app_end ] --START--
INFO: Run Behavior\ShowPageTraceBehavior [ RunTime:0.000814s ]
INFO: [ app_end ] --END-- [ RunTime:0.001037s ]

[ 2017-01-06T17:06:53+08:00 ] 192.168.31.91 /index.php?s=/Home/Edp/login.html
INFO: [ app_init ] --START--
INFO: Run Behavior\BuildLiteBehavior [ RunTime:0.000033s ]
INFO: Run Common\Behavior\InitHookBehavior [ RunTime:0.003418s ]
INFO: [ app_init ] --END-- [ RunTime:0.004319s ]
INFO: [ app_begin ] --START--
INFO: Run Behavior\ReadHtmlCacheBehavior [ RunTime:0.000871s ]
INFO: [ app_begin ] --END-- [ RunTime:0.001021s ]
SQL: SHOW COLUMNS FROM `edp_config` [ RunTime:0.0020s ]
SQL: SELECT `type`,`name`,`value` FROM `edp_config` WHERE `status` = 1  [ RunTime:0.0008s ]
INFO: [ view_parse ] --START--
INFO: [ template_filter ] --START--
INFO: Run Behavior\ContentReplaceBehavior [ RunTime:0.000129s ]
INFO: [ template_filter ] --END-- [ RunTime:0.000327s ]
INFO: Run Behavior\ParseTemplateBehavior [ RunTime:0.039199s ]
INFO: [ view_parse ] --END-- [ RunTime:0.039363s ]
INFO: [ view_filter ] --START--
INFO: Run Behavior\WriteHtmlCacheBehavior [ RunTime:0.000445s ]
INFO: [ view_filter ] --END-- [ RunTime:0.000599s ]
INFO: [ app_end ] --START--
INFO: Run Behavior\ShowPageTraceBehavior [ RunTime:0.001081s ]
INFO: [ app_end ] --END-- [ RunTime:0.001217s ]

[ 2017-01-06T17:07:05+08:00 ] 192.168.31.91 /index.php?s=/Home/Edp/signin.html
INFO: [ app_init ] --START--
INFO: Run Behavior\BuildLiteBehavior [ RunTime:0.000023s ]
INFO: Run Common\Behavior\InitHookBehavior [ RunTime:0.001210s ]
INFO: [ app_init ] --END-- [ RunTime:0.001661s ]
INFO: [ app_begin ] --START--
INFO: Run Behavior\ReadHtmlCacheBehavior [ RunTime:0.000400s ]
INFO: [ app_begin ] --END-- [ RunTime:0.000486s ]
SQL: SHOW COLUMNS FROM `edp_config` [ RunTime:0.0015s ]
SQL: SELECT `type`,`name`,`value` FROM `edp_config` WHERE `status` = 1  [ RunTime:0.0005s ]
SQL: SHOW COLUMNS FROM `edp_user_edp` [ RunTime:0.0016s ]
SQL: SELECT * FROM `edp_user_edp` WHERE ( mobile='18116579523' ) LIMIT 1   [ RunTime:0.0011s ]
SQL: SHOW COLUMNS FROM `edp_user_edp` [ RunTime:0.0024s ]
SQL: SELECT * FROM `edp_user_edp` WHERE ( mobile='18116579523' ) LIMIT 1   [ RunTime:0.0005s ]
SQL: UPDATE `edp_user_edp` SET `login_times`=`login_times`+1,`last_ipaddr`='3232243547' WHERE `user_id` = 158 [ RunTime:0.0008s ]
NOTIC: [8] Undefined index: nickname /Users/cuiyingjia/Downloads/repo/php-edp/Application/Home/Controller/EdpController.class.php 第 227 行.

[ 2017-01-06T17:07:05+08:00 ] 192.168.31.91 /index.php?s=/Home/Edp/logged.html
INFO: [ app_init ] --START--
INFO: Run Behavior\BuildLiteBehavior [ RunTime:0.000026s ]
INFO: Run Common\Behavior\InitHookBehavior [ RunTime:0.001532s ]
INFO: [ app_init ] --END-- [ RunTime:0.002034s ]
INFO: [ app_begin ] --START--
INFO: Run Behavior\ReadHtmlCacheBehavior [ RunTime:0.000459s ]
INFO: [ app_begin ] --END-- [ RunTime:0.000570s ]
SQL: SHOW COLUMNS FROM `edp_config` [ RunTime:0.0101s ]
SQL: SELECT `type`,`name`,`value` FROM `edp_config` WHERE `status` = 1  [ RunTime:0.0009s ]
SQL: SHOW COLUMNS FROM `edp_user_edp` [ RunTime:0.0015s ]
SQL: SELECT * FROM `edp_user_edp` WHERE ( mobile='18116579523' ) LIMIT 1   [ RunTime:0.0005s ]
INFO: [ view_parse ] --START--
INFO: [ template_filter ] --START--
INFO: Run Behavior\ContentReplaceBehavior [ RunTime:0.000103s ]
INFO: [ template_filter ] --END-- [ RunTime:0.000222s ]
INFO: Run Behavior\ParseTemplateBehavior [ RunTime:0.025086s ]
INFO: [ view_parse ] --END-- [ RunTime:0.025274s ]
INFO: [ view_filter ] --START--
INFO: Run Behavior\WriteHtmlCacheBehavior [ RunTime:0.000268s ]
INFO: [ view_filter ] --END-- [ RunTime:0.000432s ]
INFO: [ app_end ] --START--
INFO: Run Behavior\ShowPageTraceBehavior [ RunTime:0.000835s ]
INFO: [ app_end ] --END-- [ RunTime:0.001011s ]

[ 2017-01-06T17:08:36+08:00 ] 192.168.31.91 /index.php?s=/Home/Edp/editprofile.html
INFO: [ app_init ] --START--
INFO: Run Behavior\BuildLiteBehavior [ RunTime:0.000024s ]
INFO: Run Common\Behavior\InitHookBehavior [ RunTime:0.001399s ]
INFO: [ app_init ] --END-- [ RunTime:0.001873s ]
INFO: [ app_begin ] --START--
INFO: Run Behavior\ReadHtmlCacheBehavior [ RunTime:0.000405s ]
INFO: [ app_begin ] --END-- [ RunTime:0.000491s ]
SQL: SHOW COLUMNS FROM `edp_config` [ RunTime:0.0099s ]
SQL: SELECT `type`,`name`,`value` FROM `edp_config` WHERE `status` = 1  [ RunTime:0.0010s ]
SQL: SHOW COLUMNS FROM `edp_user_edp` [ RunTime:0.0020s ]
SQL: UPDATE `edp_user_edp` SET `email`='123@223.com',`qq`='1234556',`id_number`='513424198908300057',`company`='日本大东亚共荣圈',`company_title`='植物',`company_addr`='东京热',`company_phone`='12312312345',`degree`='小学肄业',`school`='qq北京一小',`finish_school`='1994',`status`='1' WHERE `user_id` = 158 [ RunTime:0.0045s ]

[ 2017-01-06T17:08:41+08:00 ] 192.168.31.91 /index.php?s=/Home/Edp/editprofile.html
INFO: [ app_init ] --START--
INFO: Run Behavior\BuildLiteBehavior [ RunTime:0.000027s ]
INFO: Run Common\Behavior\InitHookBehavior [ RunTime:0.001398s ]
INFO: [ app_init ] --END-- [ RunTime:0.001898s ]
INFO: [ app_begin ] --START--
INFO: Run Behavior\ReadHtmlCacheBehavior [ RunTime:0.000438s ]
INFO: [ app_begin ] --END-- [ RunTime:0.000533s ]
SQL: SHOW COLUMNS FROM `edp_config` [ RunTime:0.0095s ]
SQL: SELECT `type`,`name`,`value` FROM `edp_config` WHERE `status` = 1  [ RunTime:0.0007s ]
SQL: SHOW COLUMNS FROM `edp_user_edp` [ RunTime:0.0016s ]
SQL: UPDATE `edp_user_edp` SET `email`='123@223.com',`qq`='1234556',`id_number`='513424198908300057',`company`='日本大东亚共荣圈',`company_title`='植物',`company_addr`='东京热',`company_phone`='12312312345',`degree`='小学肄业',`school`='qq北京一小',`finish_school`='1994',`status`='1' WHERE `user_id` = 158 [ RunTime:0.0005s ]

[ 2017-01-06T17:08:41+08:00 ] 192.168.31.91 /index.php?s=/Home/Edp/editprofile.html
INFO: [ app_init ] --START--
INFO: Run Behavior\BuildLiteBehavior [ RunTime:0.000022s ]
INFO: Run Common\Behavior\InitHookBehavior [ RunTime:0.001186s ]
INFO: [ app_init ] --END-- [ RunTime:0.001602s ]
INFO: [ app_begin ] --START--
INFO: Run Behavior\ReadHtmlCacheBehavior [ RunTime:0.000401s ]
INFO: [ app_begin ] --END-- [ RunTime:0.000521s ]
SQL: SHOW COLUMNS FROM `edp_config` [ RunTime:0.0013s ]
SQL: SELECT `type`,`name`,`value` FROM `edp_config` WHERE `status` = 1  [ RunTime:0.0004s ]
SQL: SHOW COLUMNS FROM `edp_user_edp` [ RunTime:0.0015s ]
SQL: UPDATE `edp_user_edp` SET `email`='123@223.com',`qq`='1234556',`id_number`='513424198908300057',`company`='日本大东亚共荣圈',`company_title`='植物',`company_addr`='东京热',`company_phone`='12312312345',`degree`='小学肄业',`school`='qq北京一小',`finish_school`='1994',`status`='1' WHERE `user_id` = 158 [ RunTime:0.0004s ]

[ 2017-01-06T17:08:43+08:00 ] 192.168.31.91 /index.php?s=/Home/Edp/editprofile.html
INFO: [ app_init ] --START--
INFO: Run Behavior\BuildLiteBehavior [ RunTime:0.000026s ]
INFO: Run Common\Behavior\InitHookBehavior [ RunTime:0.001389s ]
INFO: [ app_init ] --END-- [ RunTime:0.001888s ]
INFO: [ app_begin ] --START--
INFO: Run Behavior\ReadHtmlCacheBehavior [ RunTime:0.000472s ]
INFO: [ app_begin ] --END-- [ RunTime:0.000625s ]
SQL: SHOW COLUMNS FROM `edp_config` [ RunTime:0.0092s ]
SQL: SELECT `type`,`name`,`value` FROM `edp_config` WHERE `status` = 1  [ RunTime:0.0009s ]
SQL: SHOW COLUMNS FROM `edp_user_edp` [ RunTime:0.0017s ]
SQL: UPDATE `edp_user_edp` SET `email`='123@223.com',`qq`='1234556',`id_number`='513424198908300057',`company`='日本大东亚共荣圈',`company_title`='植物',`company_addr`='东京热',`company_phone`='12312312345',`degree`='小学肄业',`school`='qq北京一小',`finish_school`='1994',`status`='1' WHERE `user_id` = 158 [ RunTime:0.0005s ]

[ 2017-01-06T17:08:50+08:00 ] 192.168.31.91 /index.php?s=/Home/Edp/editprofile.html
INFO: [ app_init ] --START--
INFO: Run Behavior\BuildLiteBehavior [ RunTime:0.000024s ]
INFO: Run Common\Behavior\InitHookBehavior [ RunTime:0.001300s ]
INFO: [ app_init ] --END-- [ RunTime:0.001756s ]
INFO: [ app_begin ] --START--
INFO: Run Behavior\ReadHtmlCacheBehavior [ RunTime:0.000423s ]
INFO: [ app_begin ] --END-- [ RunTime:0.000514s ]
SQL: SHOW COLUMNS FROM `edp_config` [ RunTime:0.0098s ]
SQL: SELECT `type`,`name`,`value` FROM `edp_config` WHERE `status` = 1  [ RunTime:0.0010s ]
SQL: SHOW COLUMNS FROM `edp_user_edp` [ RunTime:0.0015s ]
SQL: UPDATE `edp_user_edp` SET `email`='123@223.com',`qq`='1234556',`id_number`='513424198908300057',`company`='日本大东亚共荣圈',`company_title`='植物',`company_addr`='东京热',`company_phone`='12312312345',`degree`='小学肄业',`school`='qq北京一小',`finish_school`='1994',`status`='1' WHERE `user_id` = 158 [ RunTime:0.0005s ]

[ 2017-01-06T17:08:56+08:00 ] 192.168.31.91 /index.php?s=/Home/Edp/login.html
INFO: [ app_init ] --START--
INFO: Run Behavior\BuildLiteBehavior [ RunTime:0.000026s ]
INFO: Run Common\Behavior\InitHookBehavior [ RunTime:0.001439s ]
INFO: [ app_init ] --END-- [ RunTime:0.001926s ]
INFO: [ app_begin ] --START--
INFO: Run Behavior\ReadHtmlCacheBehavior [ RunTime:0.000421s ]
INFO: [ app_begin ] --END-- [ RunTime:0.000520s ]
SQL: SHOW COLUMNS FROM `edp_config` [ RunTime:0.0096s ]
SQL: SELECT `type`,`name`,`value` FROM `edp_config` WHERE `status` = 1  [ RunTime:0.0007s ]
SQL: SHOW COLUMNS FROM `edp_user_edp` [ RunTime:0.0016s ]
SQL: SELECT * FROM `edp_user_edp` WHERE ( mobile='18116579523' ) LIMIT 1   [ RunTime:0.0004s ]
INFO: [ view_parse ] --START--
INFO: [ template_filter ] --START--
INFO: Run Behavior\ContentReplaceBehavior [ RunTime:0.000094s ]
INFO: [ template_filter ] --END-- [ RunTime:0.000202s ]
INFO: Run Behavior\ParseTemplateBehavior [ RunTime:0.018076s ]
INFO: [ view_parse ] --END-- [ RunTime:0.018266s ]
INFO: [ view_filter ] --START--
INFO: Run Behavior\WriteHtmlCacheBehavior [ RunTime:0.000264s ]
INFO: [ view_filter ] --END-- [ RunTime:0.000427s ]
INFO: [ app_end ] --START--
INFO: Run Behavior\ShowPageTraceBehavior [ RunTime:0.000828s ]
INFO: [ app_end ] --END-- [ RunTime:0.001004s ]

[ 2017-01-06T17:10:03+08:00 ] 192.168.31.91 /index.php?s=/Home/Edp/login.html
INFO: [ app_init ] --START--
INFO: Run Behavior\BuildLiteBehavior [ RunTime:0.000028s ]
INFO: Run Common\Behavior\InitHookBehavior [ RunTime:0.001490s ]
INFO: [ app_init ] --END-- [ RunTime:0.002006s ]
INFO: [ app_begin ] --START--
INFO: Run Behavior\ReadHtmlCacheBehavior [ RunTime:0.000424s ]
INFO: [ app_begin ] --END-- [ RunTime:0.000527s ]
SQL: SHOW COLUMNS FROM `edp_config` [ RunTime:0.0098s ]
SQL: SELECT `type`,`name`,`value` FROM `edp_config` WHERE `status` = 1  [ RunTime:0.0010s ]
SQL: SHOW COLUMNS FROM `edp_user_edp` [ RunTime:0.0015s ]
SQL: SELECT * FROM `edp_user_edp` WHERE ( mobile='18116579523' ) LIMIT 1   [ RunTime:0.0005s ]
INFO: [ view_parse ] --START--
INFO: [ template_filter ] --START--
INFO: Run Behavior\ContentReplaceBehavior [ RunTime:0.000097s ]
INFO: [ template_filter ] --END-- [ RunTime:0.000205s ]
INFO: Run Behavior\ParseTemplateBehavior [ RunTime:0.018718s ]
INFO: [ view_parse ] --END-- [ RunTime:0.018862s ]
INFO: [ view_filter ] --START--
INFO: Run Behavior\WriteHtmlCacheBehavior [ RunTime:0.000192s ]
INFO: [ view_filter ] --END-- [ RunTime:0.000301s ]
INFO: [ app_end ] --START--
INFO: Run Behavior\ShowPageTraceBehavior [ RunTime:0.000608s ]
INFO: [ app_end ] --END-- [ RunTime:0.000737s ]

[ 2017-01-06T17:10:06+08:00 ] 192.168.31.91 /index.php?s=/Home/Edp/editprofile.html
INFO: [ app_init ] --START--
INFO: Run Behavior\BuildLiteBehavior [ RunTime:0.000038s ]
INFO: Run Common\Behavior\InitHookBehavior [ RunTime:0.001800s ]
INFO: [ app_init ] --END-- [ RunTime:0.002549s ]
INFO: [ app_begin ] --START--
INFO: Run Behavior\ReadHtmlCacheBehavior [ RunTime:0.000482s ]
INFO: [ app_begin ] --END-- [ RunTime:0.000584s ]
SQL: SHOW COLUMNS FROM `edp_config` [ RunTime:0.0096s ]
SQL: SELECT `type`,`name`,`value` FROM `edp_config` WHERE `status` = 1  [ RunTime:0.0011s ]
SQL: SHOW COLUMNS FROM `edp_user_edp` [ RunTime:0.0019s ]
SQL: UPDATE `edp_user_edp` SET `email`='123@223.com',`qq`='1234556',`id_number`='513424198908300057',`company`='日本大东亚共荣圈',`company_title`='植物',`company_addr`='东京热',`company_phone`='12312312345',`degree`='小学肄业',`school`='qq北京一小',`finish_school`='0000-00-00 00:00:00',`status`='1' WHERE `user_id` = 158 [ RunTime:0.0005s ]

[ 2017-01-06T17:10:10+08:00 ] 192.168.31.91 /index.php?s=/Home/Edp/editprofile.html
INFO: [ app_init ] --START--
INFO: Run Behavior\BuildLiteBehavior [ RunTime:0.000026s ]
INFO: Run Common\Behavior\InitHookBehavior [ RunTime:0.001270s ]
INFO: [ app_init ] --END-- [ RunTime:0.001766s ]
INFO: [ app_begin ] --START--
INFO: Run Behavior\ReadHtmlCacheBehavior [ RunTime:0.000400s ]
INFO: [ app_begin ] --END-- [ RunTime:0.000486s ]
SQL: SHOW COLUMNS FROM `edp_config` [ RunTime:0.0099s ]
SQL: SELECT `type`,`name`,`value` FROM `edp_config` WHERE `status` = 1  [ RunTime:0.0009s ]
SQL: SHOW COLUMNS FROM `edp_user_edp` [ RunTime:0.0015s ]
SQL: UPDATE `edp_user_edp` SET `email`='123@223.com',`qq`='1234556',`id_number`='513424198908300057',`company`='日本大东亚共荣圈',`company_title`='植物',`company_addr`='东京热',`company_phone`='12312312345',`degree`='小学肄业',`school`='qq北京一小',`finish_school`='0000-00-00 00:00:00',`status`='1' WHERE `user_id` = 158 [ RunTime:0.0005s ]

[ 2017-01-06T17:10:11+08:00 ] 192.168.31.91 /index.php?s=/Home/Edp/editprofile.html
INFO: [ app_init ] --START--
INFO: Run Behavior\BuildLiteBehavior [ RunTime:0.000026s ]
INFO: Run Common\Behavior\InitHookBehavior [ RunTime:0.001275s ]
INFO: [ app_init ] --END-- [ RunTime:0.001776s ]
INFO: [ app_begin ] --START--
INFO: Run Behavior\ReadHtmlCacheBehavior [ RunTime:0.000409s ]
INFO: [ app_begin ] --END-- [ RunTime:0.000499s ]
SQL: SHOW COLUMNS FROM `edp_config` [ RunTime:0.0090s ]
SQL: SELECT `type`,`name`,`value` FROM `edp_config` WHERE `status` = 1  [ RunTime:0.0005s ]
SQL: SHOW COLUMNS FROM `edp_user_edp` [ RunTime:0.0016s ]
SQL: UPDATE `edp_user_edp` SET `email`='123@223.com',`qq`='1234556',`id_number`='513424198908300057',`company`='日本大东亚共荣圈',`company_title`='植物',`company_addr`='东京热',`company_phone`='12312312345',`degree`='小学肄业',`school`='qq北京一小',`finish_school`='0000-00-00 00:00:00',`status`='1' WHERE `user_id` = 158 [ RunTime:0.0005s ]

[ 2017-01-06T17:10:11+08:00 ] 192.168.31.91 /index.php?s=/Home/Edp/editprofile.html
INFO: [ app_init ] --START--
INFO: Run Behavior\BuildLiteBehavior [ RunTime:0.000024s ]
INFO: Run Common\Behavior\InitHookBehavior [ RunTime:0.001370s ]
INFO: [ app_init ] --END-- [ RunTime:0.001893s ]
INFO: [ app_begin ] --START--
INFO: Run Behavior\ReadHtmlCacheBehavior [ RunTime:0.000400s ]
INFO: [ app_begin ] --END-- [ RunTime:0.000487s ]
SQL: SHOW COLUMNS FROM `edp_config` [ RunTime:0.0099s ]
SQL: SELECT `type`,`name`,`value` FROM `edp_config` WHERE `status` = 1  [ RunTime:0.0008s ]
SQL: SHOW COLUMNS FROM `edp_user_edp` [ RunTime:0.0015s ]
SQL: UPDATE `edp_user_edp` SET `email`='123@223.com',`qq`='1234556',`id_number`='513424198908300057',`company`='日本大东亚共荣圈',`company_title`='植物',`company_addr`='东京热',`company_phone`='12312312345',`degree`='小学肄业',`school`='qq北京一小',`finish_school`='0000-00-00 00:00:00',`status`='1' WHERE `user_id` = 158 [ RunTime:0.0005s ]

[ 2017-01-06T17:10:11+08:00 ] 192.168.31.91 /index.php?s=/Home/Edp/editprofile.html
INFO: [ app_init ] --START--
INFO: Run Behavior\BuildLiteBehavior [ RunTime:0.000022s ]
INFO: Run Common\Behavior\InitHookBehavior [ RunTime:0.001168s ]
INFO: [ app_init ] --END-- [ RunTime:0.001582s ]
INFO: [ app_begin ] --START--
INFO: Run Behavior\ReadHtmlCacheBehavior [ RunTime:0.000396s ]
INFO: [ app_begin ] --END-- [ RunTime:0.000481s ]
SQL: SHOW COLUMNS FROM `edp_config` [ RunTime:0.0094s ]
SQL: SELECT `type`,`name`,`value` FROM `edp_config` WHERE `status` = 1  [ RunTime:0.0006s ]
SQL: SHOW COLUMNS FROM `edp_user_edp` [ RunTime:0.0015s ]
SQL: UPDATE `edp_user_edp` SET `email`='123@223.com',`qq`='1234556',`id_number`='513424198908300057',`company`='日本大东亚共荣圈',`company_title`='植物',`company_addr`='东京热',`company_phone`='12312312345',`degree`='小学肄业',`school`='qq北京一小',`finish_school`='0000-00-00 00:00:00',`status`='1' WHERE `user_id` = 158 [ RunTime:0.0006s ]

[ 2017-01-06T17:10:12+08:00 ] 192.168.31.91 /index.php?s=/Home/Edp/editprofile.html
INFO: [ app_init ] --START--
INFO: Run Behavior\BuildLiteBehavior [ RunTime:0.000022s ]
INFO: Run Common\Behavior\InitHookBehavior [ RunTime:0.001175s ]
INFO: [ app_init ] --END-- [ RunTime:0.001592s ]
INFO: [ app_begin ] --START--
INFO: Run Behavior\ReadHtmlCacheBehavior [ RunTime:0.000469s ]
INFO: [ app_begin ] --END-- [ RunTime:0.000571s ]
SQL: SHOW COLUMNS FROM `edp_config` [ RunTime:0.0099s ]
SQL: SELECT `type`,`name`,`value` FROM `edp_config` WHERE `status` = 1  [ RunTime:0.0009s ]
SQL: SHOW COLUMNS FROM `edp_user_edp` [ RunTime:0.0014s ]
SQL: UPDATE `edp_user_edp` SET `email`='123@223.com',`qq`='1234556',`id_number`='513424198908300057',`company`='日本大东亚共荣圈',`company_title`='植物',`company_addr`='东京热',`company_phone`='12312312345',`degree`='小学肄业',`school`='qq北京一小',`finish_school`='0000-00-00 00:00:00',`status`='1' WHERE `user_id` = 158 [ RunTime:0.0005s ]

[ 2017-01-06T17:10:52+08:00 ] 192.168.31.91 /index.php?s=/Home/Edp/login.html
INFO: [ app_init ] --START--
INFO: Run Behavior\BuildLiteBehavior [ RunTime:0.000021s ]
INFO: Run Common\Behavior\InitHookBehavior [ RunTime:0.001176s ]
INFO: [ app_init ] --END-- [ RunTime:0.001595s ]
INFO: [ app_begin ] --START--
INFO: Run Behavior\ReadHtmlCacheBehavior [ RunTime:0.000411s ]
INFO: [ app_begin ] --END-- [ RunTime:0.000509s ]
SQL: SHOW COLUMNS FROM `edp_config` [ RunTime:0.0099s ]
SQL: SELECT `type`,`name`,`value` FROM `edp_config` WHERE `status` = 1  [ RunTime:0.0008s ]
SQL: SHOW COLUMNS FROM `edp_user_edp` [ RunTime:0.0014s ]
SQL: SELECT * FROM `edp_user_edp` WHERE ( mobile='18116579523' ) LIMIT 1   [ RunTime:0.0004s ]
INFO: [ view_parse ] --START--
INFO: [ template_filter ] --START--
INFO: Run Behavior\ContentReplaceBehavior [ RunTime:0.000082s ]
INFO: [ template_filter ] --END-- [ RunTime:0.000190s ]
INFO: Run Behavior\ParseTemplateBehavior [ RunTime:0.018405s ]
INFO: [ view_parse ] --END-- [ RunTime:0.018576s ]
INFO: [ view_filter ] --START--
INFO: Run Behavior\WriteHtmlCacheBehavior [ RunTime:0.000261s ]
INFO: [ view_filter ] --END-- [ RunTime:0.000425s ]
INFO: [ app_end ] --START--
INFO: Run Behavior\ShowPageTraceBehavior [ RunTime:0.000806s ]
INFO: [ app_end ] --END-- [ RunTime:0.000976s ]

[ 2017-01-06T17:10:55+08:00 ] 192.168.31.91 /index.php?s=/Home/Edp/editprofile.html
INFO: [ app_init ] --START--
INFO: Run Behavior\BuildLiteBehavior [ RunTime:0.000022s ]
INFO: Run Common\Behavior\InitHookBehavior [ RunTime:0.001166s ]
INFO: [ app_init ] --END-- [ RunTime:0.001580s ]
INFO: [ app_begin ] --START--
INFO: Run Behavior\ReadHtmlCacheBehavior [ RunTime:0.000409s ]
INFO: [ app_begin ] --END-- [ RunTime:0.000494s ]
SQL: SHOW COLUMNS FROM `edp_config` [ RunTime:0.0014s ]
SQL: SELECT `type`,`name`,`value` FROM `edp_config` WHERE `status` = 1  [ RunTime:0.0005s ]
SQL: SHOW COLUMNS FROM `edp_user_edp` [ RunTime:0.0013s ]
SQL: UPDATE `edp_user_edp` SET `email`='123@223.com',`qq`='1234556',`id_number`='513424198908300057',`company`='日本大东亚共荣圈',`company_title`='植物',`company_addr`='东京热',`company_phone`='12312312345',`degree`='小学肄业',`school`='qq北京一小',`finish_school`='0000-00-00 00:00:00',`status`='1' WHERE `user_id` = 158 [ RunTime:0.0004s ]

[ 2017-01-06T17:10:58+08:00 ] 192.168.31.91 /index.php?s=/Home/Edp/editprofile.html
INFO: [ app_init ] --START--
INFO: Run Behavior\BuildLiteBehavior [ RunTime:0.000023s ]
INFO: Run Common\Behavior\InitHookBehavior [ RunTime:0.001165s ]
INFO: [ app_init ] --END-- [ RunTime:0.001583s ]
INFO: [ app_begin ] --START--
INFO: Run Behavior\ReadHtmlCacheBehavior [ RunTime:0.000394s ]
INFO: [ app_begin ] --END-- [ RunTime:0.000479s ]
SQL: SHOW COLUMNS FROM `edp_config` [ RunTime:0.0100s ]
SQL: SELECT `type`,`name`,`value` FROM `edp_config` WHERE `status` = 1  [ RunTime:0.0010s ]
SQL: SHOW COLUMNS FROM `edp_user_edp` [ RunTime:0.0015s ]
SQL: UPDATE `edp_user_edp` SET `email`='123@223.com',`qq`='1234556',`id_number`='513424198908300057',`company`='日本大东亚共荣圈',`company_title`='植物',`company_addr`='东京热',`company_phone`='12312312345',`degree`='小学肄业',`school`='qq北京一小',`finish_school`='0000-00-00 00:00:00',`status`='1' WHERE `user_id` = 158 [ RunTime:0.0005s ]

[ 2017-01-06T17:10:58+08:00 ] 192.168.31.91 /index.php?s=/Home/Edp/editprofile.html
INFO: [ app_init ] --START--
INFO: Run Behavior\BuildLiteBehavior [ RunTime:0.000023s ]
INFO: Run Common\Behavior\InitHookBehavior [ RunTime:0.001207s ]
INFO: [ app_init ] --END-- [ RunTime:0.001626s ]
INFO: [ app_begin ] --START--
INFO: Run Behavior\ReadHtmlCacheBehavior [ RunTime:0.000950s ]
INFO: [ app_begin ] --END-- [ RunTime:0.001204s ]
SQL: SHOW COLUMNS FROM `edp_config` [ RunTime:0.0112s ]
SQL: SELECT `type`,`name`,`value` FROM `edp_config` WHERE `status` = 1  [ RunTime:0.0007s ]
SQL: SHOW COLUMNS FROM `edp_user_edp` [ RunTime:0.0015s ]
SQL: UPDATE `edp_user_edp` SET `email`='123@223.com',`qq`='1234556',`id_number`='513424198908300057',`company`='日本大东亚共荣圈',`company_title`='植物',`company_addr`='东京热',`company_phone`='12312312345',`degree`='小学肄业',`school`='qq北京一小',`finish_school`='0000-00-00 00:00:00',`status`='1' WHERE `user_id` = 158 [ RunTime:0.0004s ]

[ 2017-01-06T17:10:58+08:00 ] 192.168.31.91 /index.php?s=/Home/Edp/editprofile.html
INFO: [ app_init ] --START--
INFO: Run Behavior\BuildLiteBehavior [ RunTime:0.000023s ]
INFO: Run Common\Behavior\InitHookBehavior [ RunTime:0.001214s ]
INFO: [ app_init ] --END-- [ RunTime:0.001642s ]
INFO: [ app_begin ] --START--
INFO: Run Behavior\ReadHtmlCacheBehavior [ RunTime:0.000413s ]
INFO: [ app_begin ] --END-- [ RunTime:0.000500s ]
SQL: SHOW COLUMNS FROM `edp_config` [ RunTime:0.0099s ]
SQL: SELECT `type`,`name`,`value` FROM `edp_config` WHERE `status` = 1  [ RunTime:0.0009s ]
SQL: SHOW COLUMNS FROM `edp_user_edp` [ RunTime:0.0015s ]
SQL: UPDATE `edp_user_edp` SET `email`='123@223.com',`qq`='1234556',`id_number`='513424198908300057',`company`='日本大东亚共荣圈',`company_title`='植物',`company_addr`='东京热',`company_phone`='12312312345',`degree`='小学肄业',`school`='qq北京一小',`finish_school`='0000-00-00 00:00:00',`status`='1' WHERE `user_id` = 158 [ RunTime:0.0004s ]

[ 2017-01-06T17:10:58+08:00 ] 192.168.31.91 /index.php?s=/Home/Edp/editprofile.html
INFO: [ app_init ] --START--
INFO: Run Behavior\BuildLiteBehavior [ RunTime:0.000024s ]
INFO: Run Common\Behavior\InitHookBehavior [ RunTime:0.001251s ]
INFO: [ app_init ] --END-- [ RunTime:0.001693s ]
INFO: [ app_begin ] --START--
INFO: Run Behavior\ReadHtmlCacheBehavior [ RunTime:0.000398s ]
INFO: [ app_begin ] --END-- [ RunTime:0.000483s ]
SQL: SHOW COLUMNS FROM `edp_config` [ RunTime:0.0100s ]
SQL: SELECT `type`,`name`,`value` FROM `edp_config` WHERE `status` = 1  [ RunTime:0.0008s ]
SQL: SHOW COLUMNS FROM `edp_user_edp` [ RunTime:0.0015s ]
SQL: UPDATE `edp_user_edp` SET `email`='123@223.com',`qq`='1234556',`id_number`='513424198908300057',`company`='日本大东亚共荣圈',`company_title`='植物',`company_addr`='东京热',`company_phone`='12312312345',`degree`='小学肄业',`school`='qq北京一小',`finish_school`='0000-00-00 00:00:00',`status`='1' WHERE `user_id` = 158 [ RunTime:0.0005s ]

[ 2017-01-06T17:11:00+08:00 ] 192.168.31.91 /index.php?s=/Home/Edp/editprofile.html
INFO: [ app_init ] --START--
INFO: Run Behavior\BuildLiteBehavior [ RunTime:0.000023s ]
INFO: Run Common\Behavior\InitHookBehavior [ RunTime:0.001170s ]
INFO: [ app_init ] --END-- [ RunTime:0.001591s ]
INFO: [ app_begin ] --START--
INFO: Run Behavior\ReadHtmlCacheBehavior [ RunTime:0.000397s ]
INFO: [ app_begin ] --END-- [ RunTime:0.000481s ]
SQL: SHOW COLUMNS FROM `edp_config` [ RunTime:0.0099s ]
SQL: SELECT `type`,`name`,`value` FROM `edp_config` WHERE `status` = 1  [ RunTime:0.0010s ]
SQL: SHOW COLUMNS FROM `edp_user_edp` [ RunTime:0.0014s ]
SQL: UPDATE `edp_user_edp` SET `email`='123@223.com',`qq`='1234556',`id_number`='513424198908300057',`company`='日本大东亚共荣圈',`company_title`='植物',`company_addr`='东京热',`company_phone`='12312312345',`degree`='小学肄业',`school`='qq北京一小',`finish_school`='0000-00-00 00:00:00',`status`='1' WHERE `user_id` = 158 [ RunTime:0.0005s ]

[ 2017-01-06T17:11:10+08:00 ] 192.168.31.97 /index.php?s=/Home/Edp/logged.html
INFO: [ app_init ] --START--
INFO: Run Behavior\BuildLiteBehavior [ RunTime:0.000027s ]
INFO: Run Common\Behavior\InitHookBehavior [ RunTime:0.001312s ]
INFO: [ app_init ] --END-- [ RunTime:0.001785s ]
INFO: [ app_begin ] --START--
INFO: Run Behavior\ReadHtmlCacheBehavior [ RunTime:0.000494s ]
INFO: [ app_begin ] --END-- [ RunTime:0.000614s ]
SQL: SHOW COLUMNS FROM `edp_config` [ RunTime:0.0014s ]
SQL: SELECT `type`,`name`,`value` FROM `edp_config` WHERE `status` = 1  [ RunTime:0.0005s ]
SQL: SHOW COLUMNS FROM `edp_user_edp` [ RunTime:0.0017s ]
SQL: SELECT * FROM `edp_user_edp` WHERE ( mobile='18116579523' ) LIMIT 1   [ RunTime:0.0004s ]
INFO: [ view_parse ] --START--
INFO: [ template_filter ] --START--
INFO: Run Behavior\ContentReplaceBehavior [ RunTime:0.000085s ]
INFO: [ template_filter ] --END-- [ RunTime:0.000198s ]
INFO: Run Behavior\ParseTemplateBehavior [ RunTime:0.018604s ]
INFO: [ view_parse ] --END-- [ RunTime:0.018736s ]
INFO: [ view_filter ] --START--
INFO: Run Behavior\WriteHtmlCacheBehavior [ RunTime:0.000185s ]
INFO: [ view_filter ] --END-- [ RunTime:0.000293s ]
INFO: [ app_end ] --START--
INFO: Run Behavior\ShowPageTraceBehavior [ RunTime:0.000565s ]
INFO: [ app_end ] --END-- [ RunTime:0.000681s ]

[ 2017-01-06T17:11:14+08:00 ] 192.168.31.97 /index.php?s=/Home/Edp/editprofile.html
INFO: [ app_init ] --START--
INFO: Run Behavior\BuildLiteBehavior [ RunTime:0.000024s ]
INFO: Run Common\Behavior\InitHookBehavior [ RunTime:0.001492s ]
INFO: [ app_init ] --END-- [ RunTime:0.001973s ]
INFO: [ app_begin ] --START--
INFO: Run Behavior\ReadHtmlCacheBehavior [ RunTime:0.000511s ]
INFO: [ app_begin ] --END-- [ RunTime:0.000624s ]
SQL: SHOW COLUMNS FROM `edp_config` [ RunTime:0.0014s ]
SQL: SELECT `type`,`name`,`value` FROM `edp_config` WHERE `status` = 1  [ RunTime:0.0004s ]
SQL: SHOW COLUMNS FROM `edp_user_edp` [ RunTime:0.0013s ]
SQL: UPDATE `edp_user_edp` SET `email`='123@223.com',`qq`='1234556',`id_number`='513424198908300057',`company`='日本大东亚共荣圈',`company_title`='植物',`company_addr`='东京热',`company_phone`='12312312345',`degree`='小学肄业',`school`='qq北京一小',`finish_school`='0000-00-00 00:00:00',`status`='1' WHERE `user_id` = 158 [ RunTime:0.0004s ]

[ 2017-01-06T17:11:30+08:00 ] 192.168.31.91 /index.php?s=/Home/Edp/editprofile.html
INFO: [ app_init ] --START--
INFO: Run Behavior\BuildLiteBehavior [ RunTime:0.000022s ]
INFO: Run Common\Behavior\InitHookBehavior [ RunTime:0.001176s ]
INFO: [ app_init ] --END-- [ RunTime:0.001595s ]
INFO: [ app_begin ] --START--
INFO: Run Behavior\ReadHtmlCacheBehavior [ RunTime:0.000396s ]
INFO: [ app_begin ] --END-- [ RunTime:0.000481s ]
SQL: SHOW COLUMNS FROM `edp_config` [ RunTime:0.0100s ]
SQL: SELECT `type`,`name`,`value` FROM `edp_config` WHERE `status` = 1  [ RunTime:0.0010s ]
SQL: SHOW COLUMNS FROM `edp_user_edp` [ RunTime:0.0016s ]
SQL: UPDATE `edp_user_edp` SET `email`='123@223.com',`qq`='1234556',`id_number`='513424198908300057',`company`='日本大东亚共荣圈',`company_title`='植物',`company_addr`='东京热',`company_phone`='12312312345',`degree`='小学肄业',`school`='qq北京一小',`finish_school`='0000-00-00 00:00:00',`status`='1' WHERE `user_id` = 158 [ RunTime:0.0005s ]

[ 2017-01-06T17:11:32+08:00 ] 192.168.31.91 /index.php?s=/Home/Edp/editprofile.html
INFO: [ app_init ] --START--
INFO: Run Behavior\BuildLiteBehavior [ RunTime:0.000022s ]
INFO: Run Common\Behavior\InitHookBehavior [ RunTime:0.001169s ]
INFO: [ app_init ] --END-- [ RunTime:0.001587s ]
INFO: [ app_begin ] --START--
INFO: Run Behavior\ReadHtmlCacheBehavior [ RunTime:0.000396s ]
INFO: [ app_begin ] --END-- [ RunTime:0.000480s ]
SQL: SHOW COLUMNS FROM `edp_config` [ RunTime:0.0098s ]
SQL: SELECT `type`,`name`,`value` FROM `edp_config` WHERE `status` = 1  [ RunTime:0.0009s ]
SQL: SHOW COLUMNS FROM `edp_user_edp` [ RunTime:0.0015s ]
SQL: UPDATE `edp_user_edp` SET `email`='123@223.com',`qq`='1234556',`id_number`='513424198908300057',`company`='日本大东亚共荣圈',`company_title`='植物',`company_addr`='东京热',`company_phone`='12312312345',`degree`='小学肄业',`school`='qq北京一小',`finish_school`='0000-00-00 00:00:00',`status`='1' WHERE `user_id` = 158 [ RunTime:0.0005s ]

[ 2017-01-06T17:11:33+08:00 ] 192.168.31.91 /index.php?s=/Home/Edp/editprofile.html
INFO: [ app_init ] --START--
INFO: Run Behavior\BuildLiteBehavior [ RunTime:0.000022s ]
INFO: Run Common\Behavior\InitHookBehavior [ RunTime:0.001182s ]
INFO: [ app_init ] --END-- [ RunTime:0.001601s ]
INFO: [ app_begin ] --START--
INFO: Run Behavior\ReadHtmlCacheBehavior [ RunTime:0.000401s ]
INFO: [ app_begin ] --END-- [ RunTime:0.000487s ]
SQL: SHOW COLUMNS FROM `edp_config` [ RunTime:0.0098s ]
SQL: SELECT `type`,`name`,`value` FROM `edp_config` WHERE `status` = 1  [ RunTime:0.0009s ]
SQL: SHOW COLUMNS FROM `edp_user_edp` [ RunTime:0.0016s ]
SQL: UPDATE `edp_user_edp` SET `email`='123@223.com',`qq`='1234556',`id_number`='513424198908300057',`company`='日本大东亚共荣圈',`company_title`='植物',`company_addr`='东京热',`company_phone`='12312312345',`degree`='小学肄业',`school`='qq北京一小',`finish_school`='0000-00-00 00:00:00',`status`='1' WHERE `user_id` = 158 [ RunTime:0.0005s ]

[ 2017-01-06T17:11:34+08:00 ] 192.168.31.91 /index.php?s=/Home/Edp/editprofile.html
INFO: [ app_init ] --START--
INFO: Run Behavior\BuildLiteBehavior [ RunTime:0.000023s ]
INFO: Run Common\Behavior\InitHookBehavior [ RunTime:0.001164s ]
INFO: [ app_init ] --END-- [ RunTime:0.001587s ]
INFO: [ app_begin ] --START--
INFO: Run Behavior\ReadHtmlCacheBehavior [ RunTime:0.000395s ]
INFO: [ app_begin ] --END-- [ RunTime:0.000480s ]
SQL: SHOW COLUMNS FROM `edp_config` [ RunTime:0.0099s ]
SQL: SELECT `type`,`name`,`value` FROM `edp_config` WHERE `status` = 1  [ RunTime:0.0009s ]
SQL: SHOW COLUMNS FROM `edp_user_edp` [ RunTime:0.0019s ]
SQL: UPDATE `edp_user_edp` SET `email`='123@223.com',`qq`='1234556',`id_number`='513424198908300057',`company`='日本大东亚共荣圈',`company_title`='植物',`company_addr`='东京热',`company_phone`='12312312345',`degree`='小学肄业',`school`='qq北京一小',`finish_school`='0000-00-00 00:00:00',`status`='1' WHERE `user_id` = 158 [ RunTime:0.0005s ]

[ 2017-01-06T17:11:36+08:00 ] 192.168.31.91 /index.php?s=/Home/Edp/editprofile.html
INFO: [ app_init ] --START--
INFO: Run Behavior\BuildLiteBehavior [ RunTime:0.000026s ]
INFO: Run Common\Behavior\InitHookBehavior [ RunTime:0.001390s ]
INFO: [ app_init ] --END-- [ RunTime:0.001881s ]
INFO: [ app_begin ] --START--
INFO: Run Behavior\ReadHtmlCacheBehavior [ RunTime:0.000437s ]
INFO: [ app_begin ] --END-- [ RunTime:0.000530s ]
SQL: SHOW COLUMNS FROM `edp_config` [ RunTime:0.0102s ]
SQL: SELECT `type`,`name`,`value` FROM `edp_config` WHERE `status` = 1  [ RunTime:0.0009s ]
SQL: SHOW COLUMNS FROM `edp_user_edp` [ RunTime:0.0014s ]
SQL: UPDATE `edp_user_edp` SET `email`='123@223.com',`qq`='1234556',`id_number`='513424198908300057',`company`='日本大东亚共荣圈',`company_title`='植物',`company_addr`='东京热',`company_phone`='12312312345',`degree`='小学肄业',`school`='qq北京一小',`finish_school`='0000-00-00 00:00:00',`status`='1' WHERE `user_id` = 158 [ RunTime:0.0005s ]

[ 2017-01-06T17:11:37+08:00 ] 192.168.31.91 /index.php?s=/Home/Edp/editprofile.html
INFO: [ app_init ] --START--
INFO: Run Behavior\BuildLiteBehavior [ RunTime:0.000023s ]
INFO: Run Common\Behavior\InitHookBehavior [ RunTime:0.001174s ]
INFO: [ app_init ] --END-- [ RunTime:0.001594s ]
INFO: [ app_begin ] --START--
INFO: Run Behavior\ReadHtmlCacheBehavior [ RunTime:0.000395s ]
INFO: [ app_begin ] --END-- [ RunTime:0.000482s ]
SQL: SHOW COLUMNS FROM `edp_config` [ RunTime:0.0098s ]
SQL: SELECT `type`,`name`,`value` FROM `edp_config` WHERE `status` = 1  [ RunTime:0.0009s ]
SQL: SHOW COLUMNS FROM `edp_user_edp` [ RunTime:0.0015s ]
SQL: UPDATE `edp_user_edp` SET `email`='123@223.com',`qq`='1234556',`id_number`='513424198908300057',`company`='日本大东亚共荣圈',`company_title`='植物',`company_addr`='东京热',`company_phone`='12312312345',`degree`='小学肄业',`school`='qq北京一小',`finish_school`='0000-00-00 00:00:00',`status`='1' WHERE `user_id` = 158 [ RunTime:0.0004s ]

[ 2017-01-06T17:11:39+08:00 ] 192.168.31.91 /index.php?s=/Home/Edp/editprofile.html
INFO: [ app_init ] --START--
INFO: Run Behavior\BuildLiteBehavior [ RunTime:0.000022s ]
INFO: Run Common\Behavior\InitHookBehavior [ RunTime:0.001336s ]
INFO: [ app_init ] --END-- [ RunTime:0.001759s ]
INFO: [ app_begin ] --START--
INFO: Run Behavior\ReadHtmlCacheBehavior [ RunTime:0.000401s ]
INFO: [ app_begin ] --END-- [ RunTime:0.000486s ]
SQL: SHOW COLUMNS FROM `edp_config` [ RunTime:0.0098s ]
SQL: SELECT `type`,`name`,`value` FROM `edp_config` WHERE `status` = 1  [ RunTime:0.0009s ]
SQL: SHOW COLUMNS FROM `edp_user_edp` [ RunTime:0.0015s ]
SQL: UPDATE `edp_user_edp` SET `email`='123@223.com',`qq`='1234556',`id_number`='513424198908300057',`company`='日本大东亚共荣圈',`company_title`='植物',`company_addr`='东京热',`company_phone`='12312312345',`degree`='小学肄业',`school`='qq北京一小',`finish_school`='0000-00-00 00:00:00',`status`='1' WHERE `user_id` = 158 [ RunTime:0.0005s ]

[ 2017-01-06T17:58:36+08:00 ] 192.168.31.97 /index.php?s=/Home/Edp/logged.html
INFO: [ app_init ] --START--
INFO: Run Behavior\BuildLiteBehavior [ RunTime:0.000056s ]
INFO: Run Common\Behavior\InitHookBehavior [ RunTime:0.001549s ]
INFO: [ app_init ] --END-- [ RunTime:0.002261s ]
INFO: [ app_begin ] --START--
INFO: Run Behavior\ReadHtmlCacheBehavior [ RunTime:0.000493s ]
INFO: [ app_begin ] --END-- [ RunTime:0.000753s ]
SQL: SHOW COLUMNS FROM `edp_config` [ RunTime:0.0014s ]
SQL: SELECT `type`,`name`,`value` FROM `edp_config` WHERE `status` = 1  [ RunTime:0.0005s ]
SQL: SHOW COLUMNS FROM `edp_user_edp` [ RunTime:0.0015s ]
SQL: SELECT * FROM `edp_user_edp` WHERE ( mobile='18116579523' ) LIMIT 1   [ RunTime:0.0004s ]
INFO: [ view_parse ] --START--
INFO: [ template_filter ] --START--
INFO: Run Behavior\ContentReplaceBehavior [ RunTime:0.000143s ]
INFO: [ template_filter ] --END-- [ RunTime:0.000392s ]
INFO: Run Behavior\ParseTemplateBehavior [ RunTime:0.022103s ]
INFO: [ view_parse ] --END-- [ RunTime:0.022481s ]
INFO: [ view_filter ] --START--
INFO: Run Behavior\WriteHtmlCacheBehavior [ RunTime:0.000416s ]
INFO: [ view_filter ] --END-- [ RunTime:0.000848s ]
INFO: [ app_end ] --START--
INFO: Run Behavior\ShowPageTraceBehavior [ RunTime:0.000638s ]
INFO: [ app_end ] --END-- [ RunTime:0.000939s ]

[ 2017-01-06T17:58:54+08:00 ] 192.168.31.97 /index.php?s=/Home/Edp/editprofile.html
INFO: [ app_init ] --START--
INFO: Run Behavior\BuildLiteBehavior [ RunTime:0.000051s ]
INFO: Run Common\Behavior\InitHookBehavior [ RunTime:0.001545s ]
INFO: [ app_init ] --END-- [ RunTime:0.002236s ]
INFO: [ app_begin ] --START--
INFO: Run Behavior\ReadHtmlCacheBehavior [ RunTime:0.000665s ]
INFO: [ app_begin ] --END-- [ RunTime:0.000871s ]
SQL: SHOW COLUMNS FROM `edp_config` [ RunTime:0.0099s ]
SQL: SELECT `type`,`name`,`value` FROM `edp_config` WHERE `status` = 1  [ RunTime:0.0007s ]
SQL: SHOW COLUMNS FROM `edp_user_edp` [ RunTime:0.0015s ]
SQL: UPDATE `edp_user_edp` SET `email`='123@223.com',`qq`='1234556',`id_number`='513424198908300057',`company`='日本大东亚共荣圈',`company_title`='植物',`company_addr`='东京热',`company_phone`='12312312345',`degree`='小学肄业',`school`='qq北京一小',`finish_school`='1942',`status`='1' WHERE `user_id` = 158 [ RunTime:0.0005s ]

[ 2017-01-06T17:59:00+08:00 ] 192.168.31.97 /index.php?s=/Home/Edp/logged.html
INFO: [ app_init ] --START--
INFO: Run Behavior\BuildLiteBehavior [ RunTime:0.000055s ]
INFO: Run Common\Behavior\InitHookBehavior [ RunTime:0.001798s ]
INFO: [ app_init ] --END-- [ RunTime:0.002518s ]
INFO: [ app_begin ] --START--
INFO: Run Behavior\ReadHtmlCacheBehavior [ RunTime:0.000477s ]
INFO: [ app_begin ] --END-- [ RunTime:0.000722s ]
SQL: SHOW COLUMNS FROM `edp_config` [ RunTime:0.0095s ]
SQL: SELECT `type`,`name`,`value` FROM `edp_config` WHERE `status` = 1  [ RunTime:0.0008s ]
SQL: SHOW COLUMNS FROM `edp_user_edp` [ RunTime:0.0017s ]
SQL: SELECT * FROM `edp_user_edp` WHERE ( mobile='18116579523' ) LIMIT 1   [ RunTime:0.0005s ]
INFO: [ view_parse ] --START--
INFO: [ template_filter ] --START--
INFO: Run Behavior\ContentReplaceBehavior [ RunTime:0.000145s ]
INFO: [ template_filter ] --END-- [ RunTime:0.000399s ]
INFO: Run Behavior\ParseTemplateBehavior [ RunTime:0.023198s ]
INFO: [ view_parse ] --END-- [ RunTime:0.023587s ]
INFO: [ view_filter ] --START--
INFO: Run Behavior\WriteHtmlCacheBehavior [ RunTime:0.000375s ]
INFO: [ view_filter ] --END-- [ RunTime:0.000807s ]
INFO: [ app_end ] --START--
INFO: Run Behavior\ShowPageTraceBehavior [ RunTime:0.000639s ]
INFO: [ app_end ] --END-- [ RunTime:0.000939s ]

[ 2017-01-06T18:05:53+08:00 ] 192.168.31.97 /index.php?s=/Home/Edp/logged.html
INFO: [ app_init ] --START--
INFO: Run Behavior\BuildLiteBehavior [ RunTime:0.000063s ]
INFO: Run Common\Behavior\InitHookBehavior [ RunTime:0.004090s ]
INFO: [ app_init ] --END-- [ RunTime:0.004914s ]
INFO: [ app_begin ] --START--
INFO: Run Behavior\ReadHtmlCacheBehavior [ RunTime:0.000506s ]
INFO: [ app_begin ] --END-- [ RunTime:0.000767s ]
SQL: SHOW COLUMNS FROM `edp_config` [ RunTime:0.0100s ]
SQL: SELECT `type`,`name`,`value` FROM `edp_config` WHERE `status` = 1  [ RunTime:0.0006s ]
SQL: SHOW COLUMNS FROM `edp_user_edp` [ RunTime:0.0018s ]
SQL: SELECT * FROM `edp_user_edp` WHERE ( mobile='18116579523' ) LIMIT 1   [ RunTime:0.0005s ]
INFO: [ view_parse ] --START--
INFO: [ template_filter ] --START--
INFO: Run Behavior\ContentReplaceBehavior [ RunTime:0.000157s ]
INFO: [ template_filter ] --END-- [ RunTime:0.000424s ]
INFO: Run Behavior\ParseTemplateBehavior [ RunTime:0.022006s ]
INFO: [ view_parse ] --END-- [ RunTime:0.022310s ]
INFO: [ view_filter ] --START--
INFO: Run Behavior\WriteHtmlCacheBehavior [ RunTime:0.000262s ]
INFO: [ view_filter ] --END-- [ RunTime:0.000548s ]
INFO: [ app_end ] --START--
INFO: Run Behavior\ShowPageTraceBehavior [ RunTime:0.000632s ]
INFO: [ app_end ] --END-- [ RunTime:0.000934s ]

[ 2017-01-06T18:07:12+08:00 ] 192.168.31.97 /index.php?s=/Home/Edp/editprofile.html
INFO: [ app_init ] --START--
INFO: Run Behavior\BuildLiteBehavior [ RunTime:0.000052s ]
INFO: Run Common\Behavior\InitHookBehavior [ RunTime:0.001534s ]
INFO: [ app_init ] --END-- [ RunTime:0.002225s ]
INFO: [ app_begin ] --START--
INFO: Run Behavior\ReadHtmlCacheBehavior [ RunTime:0.000544s ]
INFO: [ app_begin ] --END-- [ RunTime:0.000787s ]
SQL: SHOW COLUMNS FROM `edp_config` [ RunTime:0.0097s ]
SQL: SELECT `type`,`name`,`value` FROM `edp_config` WHERE `status` = 1  [ RunTime:0.0009s ]
SQL: SHOW COLUMNS FROM `edp_user_edp` [ RunTime:0.0019s ]
SQL: UPDATE `edp_user_edp` SET `email`='123@223.com',`qq`='1234556',`id_number`='513424198908300057',`company`='日本大东亚共荣圈',`company_title`='植物',`company_addr`='东京热',`company_phone`='12312312345',`degree`='小学肄业',`school`='qq北京一小',`finish_school`='1483697232',`status`='1' WHERE `user_id` = 158 [ RunTime:0.0006s ]

[ 2017-01-06T18:07:12+08:00 ] 192.168.31.97 /index.php?s=/Home/Edp/logged.html
INFO: [ app_init ] --START--
INFO: Run Behavior\BuildLiteBehavior [ RunTime:0.000076s ]
INFO: Run Common\Behavior\InitHookBehavior [ RunTime:0.001948s ]
INFO: [ app_init ] --END-- [ RunTime:0.003225s ]
INFO: [ app_begin ] --START--
INFO: Run Behavior\ReadHtmlCacheBehavior [ RunTime:0.000720s ]
INFO: [ app_begin ] --END-- [ RunTime:0.001035s ]
SQL: SHOW COLUMNS FROM `edp_config` [ RunTime:0.0095s ]
SQL: SELECT `type`,`name`,`value` FROM `edp_config` WHERE `status` = 1  [ RunTime:0.0006s ]
SQL: SHOW COLUMNS FROM `edp_user_edp` [ RunTime:0.0015s ]
SQL: SELECT * FROM `edp_user_edp` WHERE ( mobile='18116579523' ) LIMIT 1   [ RunTime:0.0006s ]
INFO: [ view_parse ] --START--
INFO: [ template_filter ] --START--
INFO: Run Behavior\ContentReplaceBehavior [ RunTime:0.000158s ]
INFO: [ template_filter ] --END-- [ RunTime:0.000501s ]
INFO: Run Behavior\ParseTemplateBehavior [ RunTime:0.022025s ]
INFO: [ view_parse ] --END-- [ RunTime:0.022312s ]
INFO: [ view_filter ] --START--
INFO: Run Behavior\WriteHtmlCacheBehavior [ RunTime:0.000263s ]
INFO: [ view_filter ] --END-- [ RunTime:0.000548s ]
INFO: [ app_end ] --START--
INFO: Run Behavior\ShowPageTraceBehavior [ RunTime:0.000804s ]
INFO: [ app_end ] --END-- [ RunTime:0.001351s ]

[ 2017-01-06T18:07:38+08:00 ] 192.168.31.97 /index.php?s=/Home/Edp/editprofile.html
INFO: [ app_init ] --START--
INFO: Run Behavior\BuildLiteBehavior [ RunTime:0.000052s ]
INFO: Run Common\Behavior\InitHookBehavior [ RunTime:0.001588s ]
INFO: [ app_init ] --END-- [ RunTime:0.002368s ]
INFO: [ app_begin ] --START--
INFO: Run Behavior\ReadHtmlCacheBehavior [ RunTime:0.000448s ]
INFO: [ app_begin ] --END-- [ RunTime:0.000756s ]
SQL: SHOW COLUMNS FROM `edp_config` [ RunTime:0.0099s ]
SQL: SELECT `type`,`name`,`value` FROM `edp_config` WHERE `status` = 1  [ RunTime:0.0006s ]
SQL: SHOW COLUMNS FROM `edp_user_edp` [ RunTime:0.0018s ]
SQL: UPDATE `edp_user_edp` SET `email`='123@223.com',`qq`='1234556',`id_number`='513424198908300057',`company`='日本大东亚共荣圈',`company_title`='植物',`company_addr`='东京热',`company_phone`='12312312345',`degree`='小学肄业',`school`='qq北京一小',`finish_school`='1483697246',`status`='1' WHERE `user_id` = 158 [ RunTime:0.0018s ]

[ 2017-01-06T18:07:41+08:00 ] 192.168.31.97 /index.php?s=/Home/Edp/logged.html
INFO: [ app_init ] --START--
INFO: Run Behavior\BuildLiteBehavior [ RunTime:0.000056s ]
INFO: Run Common\Behavior\InitHookBehavior [ RunTime:0.001539s ]
INFO: [ app_init ] --END-- [ RunTime:0.002265s ]
INFO: [ app_begin ] --START--
INFO: Run Behavior\ReadHtmlCacheBehavior [ RunTime:0.000497s ]
INFO: [ app_begin ] --END-- [ RunTime:0.000764s ]
SQL: SHOW COLUMNS FROM `edp_config` [ RunTime:0.0097s ]
SQL: SELECT `type`,`name`,`value` FROM `edp_config` WHERE `status` = 1  [ RunTime:0.0008s ]
SQL: SHOW COLUMNS FROM `edp_user_edp` [ RunTime:0.0019s ]
SQL: SELECT * FROM `edp_user_edp` WHERE ( mobile='18116579523' ) LIMIT 1   [ RunTime:0.0004s ]
INFO: [ view_parse ] --START--
INFO: [ template_filter ] --START--
INFO: Run Behavior\ContentReplaceBehavior [ RunTime:0.000141s ]
INFO: [ template_filter ] --END-- [ RunTime:0.000391s ]
INFO: Run Behavior\ParseTemplateBehavior [ RunTime:0.024360s ]
INFO: [ view_parse ] --END-- [ RunTime:0.024642s ]
INFO: [ view_filter ] --START--
INFO: Run Behavior\WriteHtmlCacheBehavior [ RunTime:0.000246s ]
INFO: [ view_filter ] --END-- [ RunTime:0.000525s ]
INFO: [ app_end ] --START--
INFO: Run Behavior\ShowPageTraceBehavior [ RunTime:0.000928s ]
INFO: [ app_end ] --END-- [ RunTime:0.001554s ]

[ 2017-01-06T18:08:51+08:00 ] 192.168.31.97 /index.php?s=/Home/Edp/logged.html
INFO: [ app_init ] --START--
INFO: Run Behavior\BuildLiteBehavior [ RunTime:0.000089s ]
INFO: Run Common\Behavior\InitHookBehavior [ RunTime:0.002279s ]
INFO: [ app_init ] --END-- [ RunTime:0.003409s ]
INFO: [ app_begin ] --START--
INFO: Run Behavior\ReadHtmlCacheBehavior [ RunTime:0.000508s ]
INFO: [ app_begin ] --END-- [ RunTime:0.000784s ]
SQL: SHOW COLUMNS FROM `edp_config` [ RunTime:0.0012s ]
SQL: SELECT `type`,`name`,`value` FROM `edp_config` WHERE `status` = 1  [ RunTime:0.0004s ]
SQL: SHOW COLUMNS FROM `edp_user_edp` [ RunTime:0.0016s ]
SQL: SELECT * FROM `edp_user_edp` WHERE ( mobile='18116579523' ) LIMIT 1   [ RunTime:0.0005s ]
INFO: [ view_parse ] --START--
INFO: [ template_filter ] --START--
INFO: Run Behavior\ContentReplaceBehavior [ RunTime:0.000164s ]
INFO: [ template_filter ] --END-- [ RunTime:0.000451s ]
INFO: Run Behavior\ParseTemplateBehavior [ RunTime:0.023065s ]
INFO: [ view_parse ] --END-- [ RunTime:0.023366s ]
INFO: [ view_filter ] --START--
INFO: Run Behavior\WriteHtmlCacheBehavior [ RunTime:0.000283s ]
INFO: [ view_filter ] --END-- [ RunTime:0.000572s ]
INFO: [ app_end ] --START--
INFO: Run Behavior\ShowPageTraceBehavior [ RunTime:0.000621s ]
INFO: [ app_end ] --END-- [ RunTime:0.000915s ]

[ 2017-01-06T18:08:53+08:00 ] 192.168.31.97 /index.php?s=/Home/Edp/editprofile.html
INFO: [ app_init ] --START--
INFO: Run Behavior\BuildLiteBehavior [ RunTime:0.000052s ]
INFO: Run Common\Behavior\InitHookBehavior [ RunTime:0.001492s ]
INFO: [ app_init ] --END-- [ RunTime:0.002175s ]
INFO: [ app_begin ] --START--
INFO: Run Behavior\ReadHtmlCacheBehavior [ RunTime:0.000449s ]
INFO: [ app_begin ] --END-- [ RunTime:0.000654s ]
SQL: SHOW COLUMNS FROM `edp_config` [ RunTime:0.0100s ]
SQL: SELECT `type`,`name`,`value` FROM `edp_config` WHERE `status` = 1  [ RunTime:0.0008s ]
SQL: SHOW COLUMNS FROM `edp_user_edp` [ RunTime:0.0017s ]
SQL: UPDATE `edp_user_edp` SET `email`='123@223.com',`qq`='1234556',`id_number`='513424198908300057',`company`='日本大东亚共荣圈',`company_title`='植物',`company_addr`='东京热',`company_phone`='12312312345',`degree`='小学肄业',`school`='qq北京一小',`finish_school`='1483697333',`status`='1' WHERE `user_id` = 158 [ RunTime:0.0007s ]

[ 2017-01-06T18:08:54+08:00 ] 192.168.31.97 /index.php?s=/Home/Edp/editprofile.html
INFO: [ app_init ] --START--
INFO: Run Behavior\BuildLiteBehavior [ RunTime:0.000078s ]
INFO: Run Common\Behavior\InitHookBehavior [ RunTime:0.001843s ]
INFO: [ app_init ] --END-- [ RunTime:0.002719s ]
INFO: [ app_begin ] --START--
INFO: Run Behavior\ReadHtmlCacheBehavior [ RunTime:0.000444s ]
INFO: [ app_begin ] --END-- [ RunTime:0.000645s ]
SQL: SHOW COLUMNS FROM `edp_config` [ RunTime:0.0094s ]
SQL: SELECT `type`,`name`,`value` FROM `edp_config` WHERE `status` = 1  [ RunTime:0.0010s ]
SQL: SHOW COLUMNS FROM `edp_user_edp` [ RunTime:0.0017s ]
SQL: UPDATE `edp_user_edp` SET `email`='123@223.com',`qq`='1234556',`id_number`='513424198908300057',`company`='日本大东亚共荣圈',`company_title`='植物',`company_addr`='东京热',`company_phone`='12312312345',`degree`='小学肄业',`school`='qq北京一小',`finish_school`='1483697334',`status`='1' WHERE `user_id` = 158 [ RunTime:0.0005s ]

[ 2017-01-06T18:08:56+08:00 ] 192.168.31.97 /index.php?s=/Home/Edp/logged.html
INFO: [ app_init ] --START--
INFO: Run Behavior\BuildLiteBehavior [ RunTime:0.000100s ]
INFO: Run Common\Behavior\InitHookBehavior [ RunTime:0.003833s ]
INFO: [ app_init ] --END-- [ RunTime:0.005130s ]
INFO: [ app_begin ] --START--
INFO: Run Behavior\ReadHtmlCacheBehavior [ RunTime:0.000913s ]
INFO: [ app_begin ] --END-- [ RunTime:0.001365s ]
SQL: SHOW COLUMNS FROM `edp_config` [ RunTime:0.0069s ]
SQL: SELECT `type`,`name`,`value` FROM `edp_config` WHERE `status` = 1  [ RunTime:0.0009s ]
SQL: SHOW COLUMNS FROM `edp_user_edp` [ RunTime:0.0021s ]
SQL: SELECT * FROM `edp_user_edp` WHERE ( mobile='18116579523' ) LIMIT 1   [ RunTime:0.0007s ]
INFO: [ view_parse ] --START--
INFO: [ template_filter ] --START--
INFO: Run Behavior\ContentReplaceBehavior [ RunTime:0.000271s ]
INFO: [ template_filter ] --END-- [ RunTime:0.000731s ]
INFO: Run Behavior\ParseTemplateBehavior [ RunTime:0.023304s ]
INFO: [ view_parse ] --END-- [ RunTime:0.023732s ]
INFO: [ view_filter ] --START--
INFO: Run Behavior\WriteHtmlCacheBehavior [ RunTime:0.000422s ]
INFO: [ view_filter ] --END-- [ RunTime:0.000825s ]
INFO: [ app_end ] --START--
INFO: Run Behavior\ShowPageTraceBehavior [ RunTime:0.000912s ]
INFO: [ app_end ] --END-- [ RunTime:0.001360s ]

[ 2017-01-06T18:09:11+08:00 ] 192.168.31.97 /index.php?s=/Home/Edp/editprofile.html
INFO: [ app_init ] --START--
INFO: Run Behavior\BuildLiteBehavior [ RunTime:0.000057s ]
INFO: Run Common\Behavior\InitHookBehavior [ RunTime:0.001515s ]
INFO: [ app_init ] --END-- [ RunTime:0.002229s ]
INFO: [ app_begin ] --START--
INFO: Run Behavior\ReadHtmlCacheBehavior [ RunTime:0.000511s ]
INFO: [ app_begin ] --END-- [ RunTime:0.000727s ]
SQL: SHOW COLUMNS FROM `edp_config` [ RunTime:0.0101s ]
SQL: SELECT `type`,`name`,`value` FROM `edp_config` WHERE `status` = 1  [ RunTime:0.0008s ]
SQL: SHOW COLUMNS FROM `edp_user_edp` [ RunTime:0.0017s ]
SQL: UPDATE `edp_user_edp` SET `email`='123@223.com',`qq`='1234556',`id_number`='513424198908300057',`company`='日本大东亚共荣圈',`company_title`='植物',`company_addr`='东京热',`company_phone`='12312312345',`degree`='小学肄业',`school`='qq北京一小',`finish_school`='1483697343',`status`='1' WHERE `user_id` = 158 [ RunTime:0.0016s ]

[ 2017-01-06T18:09:45+08:00 ] 192.168.31.97 /index.php?s=/Home/Edp/editprofile.html
INFO: [ app_init ] --START--
INFO: Run Behavior\BuildLiteBehavior [ RunTime:0.000057s ]
INFO: Run Common\Behavior\InitHookBehavior [ RunTime:0.001550s ]
INFO: [ app_init ] --END-- [ RunTime:0.002261s ]
INFO: [ app_begin ] --START--
INFO: Run Behavior\ReadHtmlCacheBehavior [ RunTime:0.000457s ]
INFO: [ app_begin ] --END-- [ RunTime:0.000664s ]
SQL: SHOW COLUMNS FROM `edp_config` [ RunTime:0.0102s ]
SQL: SELECT `type`,`name`,`value` FROM `edp_config` WHERE `status` = 1  [ RunTime:0.0008s ]
SQL: SHOW COLUMNS FROM `edp_user_edp` [ RunTime:0.0015s ]
SQL: UPDATE `edp_user_edp` SET `email`='123@223.com',`qq`='1234556',`id_number`='513424198908300057',`company`='日本大东亚共荣圈',`company_title`='植物',`company_addr`='东京热',`company_phone`='12312312345',`degree`='小学肄业',`school`='qq北京一小',`finish_school`='2017-01-06 18:09:39',`status`='1' WHERE `user_id` = 158 [ RunTime:0.0100s ]

[ 2017-01-06T18:09:47+08:00 ] 192.168.31.97 /index.php?s=/Home/Edp/logged.html
INFO: [ app_init ] --START--
INFO: Run Behavior\BuildLiteBehavior [ RunTime:0.000056s ]
INFO: Run Common\Behavior\InitHookBehavior [ RunTime:0.001535s ]
INFO: [ app_init ] --END-- [ RunTime:0.002235s ]
INFO: [ app_begin ] --START--
INFO: Run Behavior\ReadHtmlCacheBehavior [ RunTime:0.000470s ]
INFO: [ app_begin ] --END-- [ RunTime:0.000716s ]
SQL: SHOW COLUMNS FROM `edp_config` [ RunTime:0.0096s ]
SQL: SELECT `type`,`name`,`value` FROM `edp_config` WHERE `status` = 1  [ RunTime:0.0006s ]
SQL: SHOW COLUMNS FROM `edp_user_edp` [ RunTime:0.0019s ]
SQL: SELECT * FROM `edp_user_edp` WHERE ( mobile='18116579523' ) LIMIT 1   [ RunTime:0.0005s ]
INFO: [ view_parse ] --START--
INFO: [ template_filter ] --START--
INFO: Run Behavior\ContentReplaceBehavior [ RunTime:0.000184s ]
INFO: [ template_filter ] --END-- [ RunTime:0.000658s ]
INFO: Run Behavior\ParseTemplateBehavior [ RunTime:0.021989s ]
INFO: [ view_parse ] --END-- [ RunTime:0.022377s ]
INFO: [ view_filter ] --START--
INFO: Run Behavior\WriteHtmlCacheBehavior [ RunTime:0.000606s ]
INFO: [ view_filter ] --END-- [ RunTime:0.001053s ]
INFO: [ app_end ] --START--
INFO: Run Behavior\ShowPageTraceBehavior [ RunTime:0.000723s ]
INFO: [ app_end ] --END-- [ RunTime:0.001016s ]

[ 2017-01-06T18:10:00+08:00 ] 192.168.31.97 /index.php?s=/Home/Edp/editprofile.html
INFO: [ app_init ] --START--
INFO: Run Behavior\BuildLiteBehavior [ RunTime:0.000099s ]
INFO: Run Common\Behavior\InitHookBehavior [ RunTime:0.001891s ]
INFO: [ app_init ] --END-- [ RunTime:0.003072s ]
INFO: [ app_begin ] --START--
INFO: Run Behavior\ReadHtmlCacheBehavior [ RunTime:0.000845s ]
INFO: [ app_begin ] --END-- [ RunTime:0.001176s ]
SQL: SHOW COLUMNS FROM `edp_config` [ RunTime:0.0099s ]
SQL: SELECT `type`,`name`,`value` FROM `edp_config` WHERE `status` = 1  [ RunTime:0.0007s ]
SQL: SHOW COLUMNS FROM `edp_user_edp` [ RunTime:0.0015s ]
SQL: UPDATE `edp_user_edp` SET `email`='123@223.com',`qq`='1234556',`id_number`='513424198908300057',`company`='日本大东亚共荣圈',`company_title`='植物',`company_addr`='东京热',`company_phone`='12312312345',`degree`='小学肄业',`school`='qq北京一小',`finish_school`='2017-01-06',`status`='1' WHERE `user_id` = 158 [ RunTime:0.0005s ]

[ 2017-01-06T18:10:00+08:00 ] 192.168.31.97 /index.php?s=/Home/Edp/logged.html
INFO: [ app_init ] --START--
INFO: Run Behavior\BuildLiteBehavior [ RunTime:0.000058s ]
INFO: Run Common\Behavior\InitHookBehavior [ RunTime:0.001762s ]
INFO: [ app_init ] --END-- [ RunTime:0.002528s ]
INFO: [ app_begin ] --START--
INFO: Run Behavior\ReadHtmlCacheBehavior [ RunTime:0.000537s ]
INFO: [ app_begin ] --END-- [ RunTime:0.000817s ]
SQL: SHOW COLUMNS FROM `edp_config` [ RunTime:0.0101s ]
SQL: SELECT `type`,`name`,`value` FROM `edp_config` WHERE `status` = 1  [ RunTime:0.0006s ]
SQL: SHOW COLUMNS FROM `edp_user_edp` [ RunTime:0.0018s ]
SQL: SELECT * FROM `edp_user_edp` WHERE ( mobile='18116579523' ) LIMIT 1   [ RunTime:0.0005s ]
INFO: [ view_parse ] --START--
INFO: [ template_filter ] --START--
INFO: Run Behavior\ContentReplaceBehavior [ RunTime:0.000152s ]
INFO: [ template_filter ] --END-- [ RunTime:0.000413s ]
INFO: Run Behavior\ParseTemplateBehavior [ RunTime:0.022046s ]
INFO: [ view_parse ] --END-- [ RunTime:0.022441s ]
INFO: [ view_filter ] --START--
INFO: Run Behavior\WriteHtmlCacheBehavior [ RunTime:0.000382s ]
INFO: [ view_filter ] --END-- [ RunTime:0.000811s ]
INFO: [ app_end ] --START--
INFO: Run Behavior\ShowPageTraceBehavior [ RunTime:0.000931s ]
INFO: [ app_end ] --END-- [ RunTime:0.001292s ]

[ 2017-01-06T18:12:26+08:00 ] 192.168.31.97 /index.php?s=/Home/Edp/editprofile.html
INFO: [ app_init ] --START--
INFO: Run Behavior\BuildLiteBehavior [ RunTime:0.000074s ]
INFO: Run Common\Behavior\InitHookBehavior [ RunTime:0.004869s ]
INFO: [ app_init ] --END-- [ RunTime:0.006243s ]
INFO: [ app_begin ] --START--
INFO: Run Behavior\ReadHtmlCacheBehavior [ RunTime:0.000924s ]
INFO: [ app_begin ] --END-- [ RunTime:0.001186s ]
SQL: SHOW COLUMNS FROM `edp_config` [ RunTime:0.0014s ]
SQL: SELECT `type`,`name`,`value` FROM `edp_config` WHERE `status` = 1  [ RunTime:0.0004s ]
SQL: SHOW COLUMNS FROM `edp_user_edp` [ RunTime:0.0015s ]
SQL: UPDATE `edp_user_edp` SET `email`='123@223.com',`qq`='1234556',`id_number`='513424198908300057',`company`='日本大东亚共荣圈',`company_title`='植物',`company_addr`='东京热',`company_phone`='12312312345',`degree`='小学肄业',`school`='qq北京一小',`finish_school`='2017-01-06',`status`='1' WHERE `user_id` = 158 [ RunTime:0.0005s ]

[ 2017-01-06T18:12:28+08:00 ] 192.168.31.97 /index.php?s=/Home/Edp/editprofile.html
INFO: [ app_init ] --START--
INFO: Run Behavior\BuildLiteBehavior [ RunTime:0.000059s ]
INFO: Run Common\Behavior\InitHookBehavior [ RunTime:0.002353s ]
INFO: [ app_init ] --END-- [ RunTime:0.003617s ]
INFO: [ app_begin ] --START--
INFO: Run Behavior\ReadHtmlCacheBehavior [ RunTime:0.000520s ]
INFO: [ app_begin ] --END-- [ RunTime:0.000759s ]
SQL: SHOW COLUMNS FROM `edp_config` [ RunTime:0.0100s ]
SQL: SELECT `type`,`name`,`value` FROM `edp_config` WHERE `status` = 1  [ RunTime:0.0007s ]
SQL: SHOW COLUMNS FROM `edp_user_edp` [ RunTime:0.0018s ]
SQL: UPDATE `edp_user_edp` SET `email`='123@223.com',`qq`='1234556',`id_number`='513424198908300057',`company`='日本大东亚共荣圈',`company_title`='植物',`company_addr`='东京热',`company_phone`='12312312345',`degree`='小学肄业',`school`='qq北京一小',`finish_school`='2017-01-06',`status`='1' WHERE `user_id` = 158 [ RunTime:0.0006s ]

[ 2017-01-06T18:12:29+08:00 ] 192.168.31.97 /index.php?s=/Home/Edp/editprofile.html
INFO: [ app_init ] --START--
INFO: Run Behavior\BuildLiteBehavior [ RunTime:0.000065s ]
INFO: Run Common\Behavior\InitHookBehavior [ RunTime:0.002247s ]
INFO: [ app_init ] --END-- [ RunTime:0.003303s ]
INFO: [ app_begin ] --START--
INFO: Run Behavior\ReadHtmlCacheBehavior [ RunTime:0.000469s ]
INFO: [ app_begin ] --END-- [ RunTime:0.000682s ]
SQL: SHOW COLUMNS FROM `edp_config` [ RunTime:0.0096s ]
SQL: SELECT `type`,`name`,`value` FROM `edp_config` WHERE `status` = 1  [ RunTime:0.0007s ]
SQL: SHOW COLUMNS FROM `edp_user_edp` [ RunTime:0.0016s ]
SQL: UPDATE `edp_user_edp` SET `email`='123@223.com',`qq`='1234556',`id_number`='513424198908300057',`company`='日本大东亚共荣圈',`company_title`='植物',`company_addr`='东京热',`company_phone`='12312312345',`degree`='小学肄业',`school`='qq北京一小',`finish_school`='2017-01-06',`status`='1' WHERE `user_id` = 158 [ RunTime:0.0004s ]

[ 2017-01-06T18:12:30+08:00 ] 192.168.31.97 /index.php?s=/Home/Edp/logged.html
INFO: [ app_init ] --START--
INFO: Run Behavior\BuildLiteBehavior [ RunTime:0.000055s ]
INFO: Run Common\Behavior\InitHookBehavior [ RunTime:0.001545s ]
INFO: [ app_init ] --END-- [ RunTime:0.002260s ]
INFO: [ app_begin ] --START--
INFO: Run Behavior\ReadHtmlCacheBehavior [ RunTime:0.000478s ]
INFO: [ app_begin ] --END-- [ RunTime:0.000727s ]
SQL: SHOW COLUMNS FROM `edp_config` [ RunTime:0.0107s ]
SQL: SELECT `type`,`name`,`value` FROM `edp_config` WHERE `status` = 1  [ RunTime:0.0008s ]
SQL: SHOW COLUMNS FROM `edp_user_edp` [ RunTime:0.0015s ]
SQL: SELECT * FROM `edp_user_edp` WHERE ( mobile='18116579523' ) LIMIT 1   [ RunTime:0.0005s ]
INFO: [ view_parse ] --START--
INFO: [ template_filter ] --START--
INFO: Run Behavior\ContentReplaceBehavior [ RunTime:0.000157s ]
INFO: [ template_filter ] --END-- [ RunTime:0.000425s ]
INFO: Run Behavior\ParseTemplateBehavior [ RunTime:0.042425s ]
INFO: [ view_parse ] --END-- [ RunTime:0.042709s ]
INFO: [ view_filter ] --START--
INFO: Run Behavior\WriteHtmlCacheBehavior [ RunTime:0.000530s ]
INFO: [ view_filter ] --END-- [ RunTime:0.000955s ]
INFO: [ app_end ] --START--
INFO: Run Behavior\ShowPageTraceBehavior [ RunTime:0.001325s ]
INFO: [ app_end ] --END-- [ RunTime:0.001656s ]

[ 2017-01-06T18:15:32+08:00 ] 192.168.31.97 /index.php?s=/Home/Edp/editprofile.html
INFO: [ app_init ] --START--
INFO: Run Behavior\BuildLiteBehavior [ RunTime:0.000058s ]
INFO: Run Common\Behavior\InitHookBehavior [ RunTime:0.001660s ]
INFO: [ app_init ] --END-- [ RunTime:0.002462s ]
INFO: [ app_begin ] --START--
INFO: Run Behavior\ReadHtmlCacheBehavior [ RunTime:0.000506s ]
INFO: [ app_begin ] --END-- [ RunTime:0.000729s ]
SQL: SHOW COLUMNS FROM `edp_config` [ RunTime:0.0102s ]
SQL: SELECT `type`,`name`,`value` FROM `edp_config` WHERE `status` = 1  [ RunTime:0.0007s ]
SQL: SHOW COLUMNS FROM `edp_user_edp` [ RunTime:0.0016s ]
SQL: UPDATE `edp_user_edp` SET `email`='123@223.com',`qq`='1234556',`id_number`='513424198908300057',`company`='日本大东亚共荣圈',`company_title`='植物',`company_addr`='东京热',`company_phone`='12312312345',`degree`='小学肄业',`school`='qq北京一小',`finish_school`='2017-01-06',`status`='1' WHERE `user_id` = 158 [ RunTime:0.0022s ]

[ 2017-01-06T18:16:43+08:00 ] 192.168.31.97 /index.php?s=/Home/Edp/editprofile.html
INFO: [ app_init ] --START--
INFO: Run Behavior\BuildLiteBehavior [ RunTime:0.000052s ]
INFO: Run Common\Behavior\InitHookBehavior [ RunTime:0.001792s ]
INFO: [ app_init ] --END-- [ RunTime:0.002524s ]
INFO: [ app_begin ] --START--
INFO: Run Behavior\ReadHtmlCacheBehavior [ RunTime:0.000521s ]
INFO: [ app_begin ] --END-- [ RunTime:0.000758s ]
SQL: SHOW COLUMNS FROM `edp_config` [ RunTime:0.0015s ]
SQL: SELECT `type`,`name`,`value` FROM `edp_config` WHERE `status` = 1  [ RunTime:0.0005s ]
SQL: SHOW COLUMNS FROM `edp_user_edp` [ RunTime:0.0015s ]
SQL: UPDATE `edp_user_edp` SET `email`='123@223.com',`qq`='1234556',`id_number`='513424198908300057',`company`='日本大东亚共荣圈',`company_title`='植物',`company_addr`='东京热',`company_phone`='12312312345',`degree`='小学肄业',`school`='qq北京一小',`finish_school`='2017-01-06',`status`='1' WHERE `user_id` = 158 [ RunTime:0.0005s ]

[ 2017-01-06T18:16:43+08:00 ] 192.168.31.97 /index.php?s=/Home/Edp/logged.html
INFO: [ app_init ] --START--
INFO: Run Behavior\BuildLiteBehavior [ RunTime:0.000053s ]
INFO: Run Common\Behavior\InitHookBehavior [ RunTime:0.001540s ]
INFO: [ app_init ] --END-- [ RunTime:0.002295s ]
INFO: [ app_begin ] --START--
INFO: Run Behavior\ReadHtmlCacheBehavior [ RunTime:0.000569s ]
INFO: [ app_begin ] --END-- [ RunTime:0.000846s ]
SQL: SHOW COLUMNS FROM `edp_config` [ RunTime:0.0013s ]
SQL: SELECT `type`,`name`,`value` FROM `edp_config` WHERE `status` = 1  [ RunTime:0.0005s ]
SQL: SHOW COLUMNS FROM `edp_user_edp` [ RunTime:0.0014s ]
SQL: SELECT * FROM `edp_user_edp` WHERE ( mobile='18116579523' ) LIMIT 1   [ RunTime:0.0004s ]
INFO: [ view_parse ] --START--
INFO: [ template_filter ] --START--
INFO: Run Behavior\ContentReplaceBehavior [ RunTime:0.000147s ]
INFO: [ template_filter ] --END-- [ RunTime:0.000405s ]
INFO: Run Behavior\ParseTemplateBehavior [ RunTime:0.020953s ]
INFO: [ view_parse ] --END-- [ RunTime:0.021269s ]
INFO: [ view_filter ] --START--
INFO: Run Behavior\WriteHtmlCacheBehavior [ RunTime:0.000257s ]
INFO: [ view_filter ] --END-- [ RunTime:0.000546s ]
INFO: [ app_end ] --START--
INFO: Run Behavior\ShowPageTraceBehavior [ RunTime:0.000628s ]
INFO: [ app_end ] --END-- [ RunTime:0.000911s ]

[ 2017-01-06T18:19:31+08:00 ] 192.168.31.91 /index.php?s=/Home/Edp/login.html
INFO: [ app_init ] --START--
INFO: Run Behavior\BuildLiteBehavior [ RunTime:0.000053s ]
INFO: Run Common\Behavior\InitHookBehavior [ RunTime:0.001523s ]
INFO: [ app_init ] --END-- [ RunTime:0.002219s ]
INFO: [ app_begin ] --START--
INFO: Run Behavior\ReadHtmlCacheBehavior [ RunTime:0.000469s ]
INFO: [ app_begin ] --END-- [ RunTime:0.000717s ]
SQL: SHOW COLUMNS FROM `edp_config` [ RunTime:0.0015s ]
SQL: SELECT `type`,`name`,`value` FROM `edp_config` WHERE `status` = 1  [ RunTime:0.0005s ]
SQL: SHOW COLUMNS FROM `edp_user_edp` [ RunTime:0.0014s ]
SQL: SELECT * FROM `edp_user_edp` WHERE ( mobile='18116579523' ) LIMIT 1   [ RunTime:0.0004s ]
INFO: [ view_parse ] --START--
INFO: [ template_filter ] --START--
INFO: Run Behavior\ContentReplaceBehavior [ RunTime:0.000139s ]
INFO: [ template_filter ] --END-- [ RunTime:0.000383s ]
INFO: Run Behavior\ParseTemplateBehavior [ RunTime:0.020736s ]
INFO: [ view_parse ] --END-- [ RunTime:0.021112s ]
INFO: [ view_filter ] --START--
INFO: Run Behavior\WriteHtmlCacheBehavior [ RunTime:0.000385s ]
INFO: [ view_filter ] --END-- [ RunTime:0.000819s ]
INFO: [ app_end ] --START--
INFO: Run Behavior\ShowPageTraceBehavior [ RunTime:0.000868s ]
INFO: [ app_end ] --END-- [ RunTime:0.001194s ]

[ 2017-01-06T18:19:42+08:00 ] 192.168.31.91 /index.php?s=/Home/Edp/login.html
INFO: [ app_init ] --START--
INFO: Run Behavior\BuildLiteBehavior [ RunTime:0.000055s ]
INFO: Run Common\Behavior\InitHookBehavior [ RunTime:0.001620s ]
INFO: [ app_init ] --END-- [ RunTime:0.002350s ]
INFO: [ app_begin ] --START--
INFO: Run Behavior\ReadHtmlCacheBehavior [ RunTime:0.000486s ]
INFO: [ app_begin ] --END-- [ RunTime:0.000735s ]
SQL: SHOW COLUMNS FROM `edp_config` [ RunTime:0.0098s ]
SQL: SELECT `type`,`name`,`value` FROM `edp_config` WHERE `status` = 1  [ RunTime:0.0008s ]
SQL: SHOW COLUMNS FROM `edp_user_edp` [ RunTime:0.0016s ]
SQL: SELECT * FROM `edp_user_edp` WHERE ( mobile='18116579523' ) LIMIT 1   [ RunTime:0.0005s ]
INFO: [ view_parse ] --START--
INFO: [ template_filter ] --START--
INFO: Run Behavior\ContentReplaceBehavior [ RunTime:0.000172s ]
INFO: [ template_filter ] --END-- [ RunTime:0.000471s ]
INFO: Run Behavior\ParseTemplateBehavior [ RunTime:0.022326s ]
INFO: [ view_parse ] --END-- [ RunTime:0.022718s ]
INFO: [ view_filter ] --START--
INFO: Run Behavior\WriteHtmlCacheBehavior [ RunTime:0.000372s ]
INFO: [ view_filter ] --END-- [ RunTime:0.000805s ]
INFO: [ app_end ] --START--
INFO: Run Behavior\ShowPageTraceBehavior [ RunTime:0.000609s ]
INFO: [ app_end ] --END-- [ RunTime:0.000936s ]

[ 2017-01-06T18:20:00+08:00 ] 192.168.31.97 /index.php?s=/Home/Edp/logged.html
INFO: [ app_init ] --START--
INFO: Run Behavior\BuildLiteBehavior [ RunTime:0.000053s ]
INFO: Run Common\Behavior\InitHookBehavior [ RunTime:0.002377s ]
INFO: [ app_init ] --END-- [ RunTime:0.003360s ]
INFO: [ app_begin ] --START--
INFO: Run Behavior\ReadHtmlCacheBehavior [ RunTime:0.000499s ]
INFO: [ app_begin ] --END-- [ RunTime:0.000752s ]
SQL: SHOW COLUMNS FROM `edp_config` [ RunTime:0.0096s ]
SQL: SELECT `type`,`name`,`value` FROM `edp_config` WHERE `status` = 1  [ RunTime:0.0008s ]
SQL: SHOW COLUMNS FROM `edp_user_edp` [ RunTime:0.0020s ]
SQL: SELECT * FROM `edp_user_edp` WHERE ( mobile='18116579523' ) LIMIT 1   [ RunTime:0.0005s ]
INFO: [ view_parse ] --START--
INFO: [ template_filter ] --START--
INFO: Run Behavior\ContentReplaceBehavior [ RunTime:0.000157s ]
INFO: [ template_filter ] --END-- [ RunTime:0.000520s ]
INFO: Run Behavior\ParseTemplateBehavior [ RunTime:0.022728s ]
INFO: [ view_parse ] --END-- [ RunTime:0.023006s ]
INFO: [ view_filter ] --START--
INFO: Run Behavior\WriteHtmlCacheBehavior [ RunTime:0.000527s ]
INFO: [ view_filter ] --END-- [ RunTime:0.000976s ]
INFO: [ app_end ] --START--
INFO: Run Behavior\ShowPageTraceBehavior [ RunTime:0.000616s ]
INFO: [ app_end ] --END-- [ RunTime:0.000904s ]

[ 2017-01-06T18:20:32+08:00 ] 192.168.31.91 /index.php?s=/Home/Edp/login.html
INFO: [ app_init ] --START--
INFO: Run Behavior\BuildLiteBehavior [ RunTime:0.000053s ]
INFO: Run Common\Behavior\InitHookBehavior [ RunTime:0.001535s ]
INFO: [ app_init ] --END-- [ RunTime:0.002230s ]
INFO: [ app_begin ] --START--
INFO: Run Behavior\ReadHtmlCacheBehavior [ RunTime:0.000467s ]
INFO: [ app_begin ] --END-- [ RunTime:0.000720s ]
SQL: SHOW COLUMNS FROM `edp_config` [ RunTime:0.0101s ]
SQL: SELECT `type`,`name`,`value` FROM `edp_config` WHERE `status` = 1  [ RunTime:0.0007s ]
INFO: [ view_parse ] --START--
INFO: [ template_filter ] --START--
INFO: Run Behavior\ContentReplaceBehavior [ RunTime:0.000148s ]
INFO: [ template_filter ] --END-- [ RunTime:0.000430s ]
INFO: Run Behavior\ParseTemplateBehavior [ RunTime:0.021270s ]
INFO: [ view_parse ] --END-- [ RunTime:0.021665s ]
INFO: [ view_filter ] --START--
INFO: Run Behavior\WriteHtmlCacheBehavior [ RunTime:0.000254s ]
INFO: [ view_filter ] --END-- [ RunTime:0.000606s ]
INFO: [ app_end ] --START--
INFO: Run Behavior\ShowPageTraceBehavior [ RunTime:0.000724s ]
INFO: [ app_end ] --END-- [ RunTime:0.001024s ]

[ 2017-01-06T18:20:42+08:00 ] 192.168.31.91 /index.php?s=/Home/Edp/signin.html
INFO: [ app_init ] --START--
INFO: Run Behavior\BuildLiteBehavior [ RunTime:0.000053s ]
INFO: Run Common\Behavior\InitHookBehavior [ RunTime:0.001489s ]
INFO: [ app_init ] --END-- [ RunTime:0.002180s ]
INFO: [ app_begin ] --START--
INFO: Run Behavior\ReadHtmlCacheBehavior [ RunTime:0.000441s ]
INFO: [ app_begin ] --END-- [ RunTime:0.000647s ]
SQL: SHOW COLUMNS FROM `edp_config` [ RunTime:0.0101s ]
SQL: SELECT `type`,`name`,`value` FROM `edp_config` WHERE `status` = 1  [ RunTime:0.0008s ]
SQL: SHOW COLUMNS FROM `edp_user_edp` [ RunTime:0.0016s ]
SQL: SELECT * FROM `edp_user_edp` WHERE ( mobile='18116579523' ) LIMIT 1   [ RunTime:0.0005s ]
SQL: SHOW COLUMNS FROM `edp_user_edp` [ RunTime:0.0024s ]
SQL: SELECT * FROM `edp_user_edp` WHERE ( mobile='18116579523' ) LIMIT 1   [ RunTime:0.0005s ]
SQL: UPDATE `edp_user_edp` SET `login_times`=`login_times`+1,`last_ipaddr`='3232243547' WHERE `user_id` = 158 [ RunTime:0.0004s ]
NOTIC: [8] Undefined index: nickname /Users/cuiyingjia/Downloads/repo/php-edp/Application/Home/Controller/EdpController.class.php 第 228 行.

[ 2017-01-06T18:20:42+08:00 ] 192.168.31.91 /index.php?s=/Home/Edp/logged.html
INFO: [ app_init ] --START--
INFO: Run Behavior\BuildLiteBehavior [ RunTime:0.000052s ]
INFO: Run Common\Behavior\InitHookBehavior [ RunTime:0.001494s ]
INFO: [ app_init ] --END-- [ RunTime:0.002176s ]
INFO: [ app_begin ] --START--
INFO: Run Behavior\ReadHtmlCacheBehavior [ RunTime:0.000466s ]
INFO: [ app_begin ] --END-- [ RunTime:0.000715s ]
SQL: SHOW COLUMNS FROM `edp_config` [ RunTime:0.0100s ]
SQL: SELECT `type`,`name`,`value` FROM `edp_config` WHERE `status` = 1  [ RunTime:0.0007s ]
SQL: SHOW COLUMNS FROM `edp_user_edp` [ RunTime:0.0016s ]
SQL: SELECT * FROM `edp_user_edp` WHERE ( mobile='18116579523' ) LIMIT 1   [ RunTime:0.0004s ]
INFO: [ view_parse ] --START--
INFO: [ template_filter ] --START--
INFO: Run Behavior\ContentReplaceBehavior [ RunTime:0.000172s ]
INFO: [ template_filter ] --END-- [ RunTime:0.000475s ]
INFO: Run Behavior\ParseTemplateBehavior [ RunTime:0.023621s ]
INFO: [ view_parse ] --END-- [ RunTime:0.024009s ]
INFO: [ view_filter ] --START--
INFO: Run Behavior\WriteHtmlCacheBehavior [ RunTime:0.000366s ]
INFO: [ view_filter ] --END-- [ RunTime:0.000795s ]
INFO: [ app_end ] --START--
INFO: Run Behavior\ShowPageTraceBehavior [ RunTime:0.000624s ]
INFO: [ app_end ] --END-- [ RunTime:0.000961s ]

[ 2017-01-06T18:23:11+08:00 ] 192.168.31.91 /index.php?s=/Home/Edp/signin.html
INFO: [ app_init ] --START--
INFO: Run Behavior\BuildLiteBehavior [ RunTime:0.000052s ]
INFO: Run Common\Behavior\InitHookBehavior [ RunTime:0.001528s ]
INFO: [ app_init ] --END-- [ RunTime:0.002218s ]
INFO: [ app_begin ] --START--
INFO: Run Behavior\ReadHtmlCacheBehavior [ RunTime:0.000443s ]
INFO: [ app_begin ] --END-- [ RunTime:0.000642s ]
SQL: SHOW COLUMNS FROM `edp_config` [ RunTime:0.0102s ]
SQL: SELECT `type`,`name`,`value` FROM `edp_config` WHERE `status` = 1  [ RunTime:0.0007s ]
SQL: SHOW COLUMNS FROM `edp_user_edp` [ RunTime:0.0016s ]
SQL: SELECT * FROM `edp_user_edp` WHERE ( mobile='18116579523' ) LIMIT 1   [ RunTime:0.0005s ]
SQL: SHOW COLUMNS FROM `edp_user_edp` [ RunTime:0.0015s ]
SQL: SELECT * FROM `edp_user_edp` WHERE ( mobile='18116579523' ) LIMIT 1   [ RunTime:0.0004s ]
SQL: UPDATE `edp_user_edp` SET `login_times`=`login_times`+1,`last_ipaddr`='3232243547' WHERE `user_id` = 158 [ RunTime:0.0004s ]
NOTIC: [8] Undefined index: nickname /Users/cuiyingjia/Downloads/repo/php-edp/Application/Home/Controller/EdpController.class.php 第 228 行.

[ 2017-01-06T18:23:11+08:00 ] 192.168.31.91 /index.php?s=/Home/Edp/logged.html
INFO: [ app_init ] --START--
INFO: Run Behavior\BuildLiteBehavior [ RunTime:0.000054s ]
INFO: Run Common\Behavior\InitHookBehavior [ RunTime:0.001520s ]
INFO: [ app_init ] --END-- [ RunTime:0.002218s ]
INFO: [ app_begin ] --START--
INFO: Run Behavior\ReadHtmlCacheBehavior [ RunTime:0.000539s ]
INFO: [ app_begin ] --END-- [ RunTime:0.000791s ]
SQL: SHOW COLUMNS FROM `edp_config` [ RunTime:0.0100s ]
SQL: SELECT `type`,`name`,`value` FROM `edp_config` WHERE `status` = 1  [ RunTime:0.0007s ]
SQL: SHOW COLUMNS FROM `edp_user_edp` [ RunTime:0.0015s ]
SQL: SELECT * FROM `edp_user_edp` WHERE ( mobile='18116579523' ) LIMIT 1   [ RunTime:0.0005s ]
INFO: [ view_parse ] --START--
INFO: [ template_filter ] --START--
INFO: Run Behavior\ContentReplaceBehavior [ RunTime:0.000146s ]
INFO: [ template_filter ] --END-- [ RunTime:0.000400s ]
INFO: Run Behavior\ParseTemplateBehavior [ RunTime:0.021396s ]
INFO: [ view_parse ] --END-- [ RunTime:0.021801s ]
INFO: [ view_filter ] --START--
INFO: Run Behavior\WriteHtmlCacheBehavior [ RunTime:0.000373s ]
INFO: [ view_filter ] --END-- [ RunTime:0.000812s ]
INFO: [ app_end ] --START--
INFO: Run Behavior\ShowPageTraceBehavior [ RunTime:0.000627s ]
INFO: [ app_end ] --END-- [ RunTime:0.000939s ]

[ 2017-01-06T18:23:16+08:00 ] 192.168.31.91 /index.php?s=/Home/Edp/logged.html
INFO: [ app_init ] --START--
INFO: Run Behavior\BuildLiteBehavior [ RunTime:0.000100s ]
INFO: Run Common\Behavior\InitHookBehavior [ RunTime:0.002418s ]
INFO: [ app_init ] --END-- [ RunTime:0.003627s ]
INFO: [ app_begin ] --START--
INFO: Run Behavior\ReadHtmlCacheBehavior [ RunTime:0.000568s ]
INFO: [ app_begin ] --END-- [ RunTime:0.000872s ]
SQL: SHOW COLUMNS FROM `edp_config` [ RunTime:0.0100s ]
SQL: SELECT `type`,`name`,`value` FROM `edp_config` WHERE `status` = 1  [ RunTime:0.0007s ]
SQL: SHOW COLUMNS FROM `edp_user_edp` [ RunTime:0.0016s ]
SQL: SELECT * FROM `edp_user_edp` WHERE ( mobile='18116579523' ) LIMIT 1   [ RunTime:0.0004s ]
INFO: [ view_parse ] --START--
INFO: [ template_filter ] --START--
INFO: Run Behavior\ContentReplaceBehavior [ RunTime:0.000141s ]
INFO: [ template_filter ] --END-- [ RunTime:0.000387s ]
INFO: Run Behavior\ParseTemplateBehavior [ RunTime:0.021206s ]
INFO: [ view_parse ] --END-- [ RunTime:0.021600s ]
INFO: [ view_filter ] --START--
INFO: Run Behavior\WriteHtmlCacheBehavior [ RunTime:0.000371s ]
INFO: [ view_filter ] --END-- [ RunTime:0.000807s ]
INFO: [ app_end ] --START--
INFO: Run Behavior\ShowPageTraceBehavior [ RunTime:0.000613s ]
INFO: [ app_end ] --END-- [ RunTime:0.000933s ]

[ 2017-01-06T18:27:39+08:00 ] 192.168.31.97 /index.php?s=/Home/Edp/logged.html
INFO: [ app_init ] --START--
INFO: Run Behavior\BuildLiteBehavior [ RunTime:0.000060s ]
INFO: Run Common\Behavior\InitHookBehavior [ RunTime:0.001616s ]
INFO: [ app_init ] --END-- [ RunTime:0.002674s ]
INFO: [ app_begin ] --START--
INFO: Run Behavior\ReadHtmlCacheBehavior [ RunTime:0.000532s ]
INFO: [ app_begin ] --END-- [ RunTime:0.000795s ]
SQL: SHOW COLUMNS FROM `edp_config` [ RunTime:0.0101s ]
SQL: SELECT `type`,`name`,`value` FROM `edp_config` WHERE `status` = 1  [ RunTime:0.0006s ]
SQL: SHOW COLUMNS FROM `edp_user_edp` [ RunTime:0.0018s ]
SQL: SELECT * FROM `edp_user_edp` WHERE ( mobile='18116579523' ) LIMIT 1   [ RunTime:0.0005s ]
INFO: [ view_parse ] --START--
INFO: [ template_filter ] --START--
INFO: Run Behavior\ContentReplaceBehavior [ RunTime:0.000164s ]
INFO: [ template_filter ] --END-- [ RunTime:0.000456s ]
INFO: Run Behavior\ParseTemplateBehavior [ RunTime:0.023456s ]
INFO: [ view_parse ] --END-- [ RunTime:0.023764s ]
INFO: [ view_filter ] --START--
INFO: Run Behavior\WriteHtmlCacheBehavior [ RunTime:0.000272s ]
INFO: [ view_filter ] --END-- [ RunTime:0.000553s ]
INFO: [ app_end ] --START--
INFO: Run Behavior\ShowPageTraceBehavior [ RunTime:0.000791s ]
INFO: [ app_end ] --END-- [ RunTime:0.001177s ]

